TN:
SF:src/ARPGIntegration.js
FN:29,(anonymous_0)
FN:76,(anonymous_1)
FN:124,(anonymous_2)
FN:128,(anonymous_3)
FN:140,(anonymous_4)
FN:177,(anonymous_5)
FN:180,(anonymous_6)
FN:184,(anonymous_7)
FN:191,(anonymous_8)
FN:195,(anonymous_9)
FN:202,(anonymous_10)
FN:206,(anonymous_11)
FN:213,(anonymous_12)
FN:217,(anonymous_13)
FN:224,(anonymous_14)
FN:228,(anonymous_15)
FN:235,(anonymous_16)
FN:242,(anonymous_17)
FN:251,(anonymous_18)
FN:271,(anonymous_19)
FN:310,(anonymous_20)
FN:334,(anonymous_21)
FN:358,(anonymous_22)
FN:386,(anonymous_23)
FN:393,(anonymous_24)
FN:403,(anonymous_25)
FN:433,(anonymous_26)
FN:454,(anonymous_27)
FN:462,(anonymous_28)
FN:474,(anonymous_29)
FN:488,(anonymous_30)
FN:500,(anonymous_31)
FN:510,(anonymous_32)
FN:522,(anonymous_33)
FN:529,(anonymous_34)
FN:536,(anonymous_35)
FN:543,(anonymous_36)
FN:561,(anonymous_37)
FNF:38
FNH:0
FNDA:0,(anonymous_0)
FNDA:0,(anonymous_1)
FNDA:0,(anonymous_2)
FNDA:0,(anonymous_3)
FNDA:0,(anonymous_4)
FNDA:0,(anonymous_5)
FNDA:0,(anonymous_6)
FNDA:0,(anonymous_7)
FNDA:0,(anonymous_8)
FNDA:0,(anonymous_9)
FNDA:0,(anonymous_10)
FNDA:0,(anonymous_11)
FNDA:0,(anonymous_12)
FNDA:0,(anonymous_13)
FNDA:0,(anonymous_14)
FNDA:0,(anonymous_15)
FNDA:0,(anonymous_16)
FNDA:0,(anonymous_17)
FNDA:0,(anonymous_18)
FNDA:0,(anonymous_19)
FNDA:0,(anonymous_20)
FNDA:0,(anonymous_21)
FNDA:0,(anonymous_22)
FNDA:0,(anonymous_23)
FNDA:0,(anonymous_24)
FNDA:0,(anonymous_25)
FNDA:0,(anonymous_26)
FNDA:0,(anonymous_27)
FNDA:0,(anonymous_28)
FNDA:0,(anonymous_29)
FNDA:0,(anonymous_30)
FNDA:0,(anonymous_31)
FNDA:0,(anonymous_32)
FNDA:0,(anonymous_33)
FNDA:0,(anonymous_34)
FNDA:0,(anonymous_35)
FNDA:0,(anonymous_36)
FNDA:0,(anonymous_37)
DA:31,0
DA:46,0
DA:47,0
DA:50,0
DA:51,0
DA:54,0
DA:68,0
DA:70,0
DA:77,0
DA:84,0
DA:85,0
DA:88,0
DA:89,0
DA:92,0
DA:93,0
DA:96,0
DA:97,0
DA:100,0
DA:101,0
DA:104,0
DA:105,0
DA:108,0
DA:109,0
DA:112,0
DA:113,0
DA:116,0
DA:117,0
DA:125,0
DA:128,0
DA:129,0
DA:130,0
DA:134,0
DA:141,0
DA:143,0
DA:145,0
DA:157,0
DA:158,0
DA:159,0
DA:160,0
DA:165,0
DA:167,0
DA:169,0
DA:170,0
DA:179,0
DA:180,0
DA:181,0
DA:184,0
DA:185,0
DA:190,0
DA:191,0
DA:192,0
DA:195,0
DA:196,0
DA:201,0
DA:202,0
DA:203,0
DA:206,0
DA:207,0
DA:212,0
DA:213,0
DA:214,0
DA:217,0
DA:218,0
DA:223,0
DA:224,0
DA:225,0
DA:228,0
DA:229,0
DA:234,0
DA:235,0
DA:236,0
DA:241,0
DA:242,0
DA:243,0
DA:253,0
DA:254,0
DA:255,0
DA:256,0
DA:259,0
DA:260,0
DA:261,0
DA:264,0
DA:265,0
DA:272,0
DA:273,0
DA:274,0
DA:277,0
DA:278,0
DA:281,0
DA:282,0
DA:283,0
DA:286,0
DA:287,0
DA:288,0
DA:293,0
DA:295,0
DA:300,0
DA:302,0
DA:303,0
DA:311,0
DA:312,0
DA:315,0
DA:318,0
DA:319,0
DA:320,0
DA:324,0
DA:328,0
DA:335,0
DA:336,0
DA:339,0
DA:342,0
DA:343,0
DA:344,0
DA:348,0
DA:352,0
DA:359,0
DA:360,0
DA:363,0
DA:364,0
DA:367,0
DA:368,0
DA:369,0
DA:374,0
DA:376,0
DA:380,0
DA:387,0
DA:394,0
DA:395,0
DA:396,0
DA:404,0
DA:405,0
DA:408,0
DA:409,0
DA:411,0
DA:413,0
DA:414,0
DA:415,0
DA:420,0
DA:423,0
DA:425,0
DA:426,0
DA:435,0
DA:436,0
DA:440,0
DA:441,0
DA:445,0
DA:446,0
DA:447,0
DA:455,0
DA:456,0
DA:463,0
DA:466,0
DA:467,0
DA:475,0
DA:478,0
DA:479,0
DA:480,0
DA:489,0
DA:492,0
DA:493,0
DA:502,0
DA:503,0
DA:511,0
DA:514,0
DA:515,0
DA:523,0
DA:530,0
DA:537,0
DA:544,0
DA:546,0
DA:547,0
DA:555,0
DA:562,0
DA:565,0
DA:568,0
DA:569,0
DA:570,0
DA:575,0
DA:576,0
DA:579,0
DA:581,0
LF:181
LH:0
BRDA:29,0,0,0
BRDA:84,1,0,0
BRDA:84,1,1,0
BRDA:88,2,0,0
BRDA:88,2,1,0
BRDA:92,3,0,0
BRDA:92,3,1,0
BRDA:96,4,0,0
BRDA:96,4,1,0
BRDA:100,5,0,0
BRDA:100,5,1,0
BRDA:104,6,0,0
BRDA:104,6,1,0
BRDA:108,7,0,0
BRDA:108,7,1,0
BRDA:112,8,0,0
BRDA:112,8,1,0
BRDA:116,9,0,0
BRDA:116,9,1,0
BRDA:129,10,0,0
BRDA:129,10,1,0
BRDA:158,11,0,0
BRDA:158,11,1,0
BRDA:179,12,0,0
BRDA:179,12,1,0
BRDA:179,13,0,0
BRDA:179,13,1,0
BRDA:190,14,0,0
BRDA:190,14,1,0
BRDA:190,15,0,0
BRDA:190,15,1,0
BRDA:201,16,0,0
BRDA:201,16,1,0
BRDA:201,17,0,0
BRDA:201,17,1,0
BRDA:212,18,0,0
BRDA:212,18,1,0
BRDA:212,19,0,0
BRDA:212,19,1,0
BRDA:223,20,0,0
BRDA:223,20,1,0
BRDA:223,21,0,0
BRDA:223,21,1,0
BRDA:234,22,0,0
BRDA:234,22,1,0
BRDA:241,23,0,0
BRDA:241,23,1,0
BRDA:272,24,0,0
BRDA:272,24,1,0
BRDA:287,25,0,0
BRDA:287,25,1,0
BRDA:311,26,0,0
BRDA:311,26,1,0
BRDA:311,27,0,0
BRDA:311,27,1,0
BRDA:319,28,0,0
BRDA:319,28,1,0
BRDA:335,29,0,0
BRDA:335,29,1,0
BRDA:335,30,0,0
BRDA:335,30,1,0
BRDA:343,31,0,0
BRDA:343,31,1,0
BRDA:359,32,0,0
BRDA:359,32,1,0
BRDA:368,33,0,0
BRDA:368,33,1,0
BRDA:394,34,0,0
BRDA:394,34,1,0
BRDA:404,35,0,0
BRDA:404,35,1,0
BRDA:404,36,0,0
BRDA:404,36,1,0
BRDA:408,37,0,0
BRDA:408,37,1,0
BRDA:414,38,0,0
BRDA:414,38,1,0
BRDA:435,39,0,0
BRDA:435,39,1,0
BRDA:440,40,0,0
BRDA:440,40,1,0
BRDA:445,41,0,0
BRDA:445,41,1,0
BRDA:466,42,0,0
BRDA:466,42,1,0
BRDA:479,43,0,0
BRDA:479,43,1,0
BRDA:492,44,0,0
BRDA:492,44,1,0
BRDA:502,45,0,0
BRDA:502,45,1,0
BRDA:514,46,0,0
BRDA:514,46,1,0
BRDA:549,47,0,0
BRDA:549,47,1,0
BRDA:549,48,0,0
BRDA:549,48,1,0
BRDA:550,49,0,0
BRDA:550,49,1,0
BRDA:550,50,0,0
BRDA:550,50,1,0
BRDA:551,51,0,0
BRDA:551,51,1,0
BRDA:551,52,0,0
BRDA:551,52,1,0
BRDA:569,53,0,0
BRDA:569,53,1,0
BRF:107
BRH:0
end_of_record
TN:
SF:src/GameRefactored.js
FN:25,(anonymous_0)
FN:182,(anonymous_1)
FN:203,(anonymous_2)
FN:216,(anonymous_3)
FN:224,(anonymous_4)
FN:232,(anonymous_5)
FN:243,(anonymous_6)
FN:264,(anonymous_7)
FN:266,(anonymous_8)
FN:274,(anonymous_9)
FN:285,(anonymous_10)
FN:287,(anonymous_11)
FN:295,(anonymous_12)
FN:306,(anonymous_13)
FN:318,(anonymous_14)
FN:325,(anonymous_15)
FN:335,(anonymous_16)
FN:345,(anonymous_17)
FN:354,(anonymous_18)
FN:360,(anonymous_19)
FN:364,(anonymous_20)
FN:372,(anonymous_21)
FN:385,(anonymous_22)
FN:445,(anonymous_23)
FN:482,(anonymous_24)
FN:542,(anonymous_25)
FN:559,(anonymous_26)
FN:576,(anonymous_27)
FN:618,(anonymous_28)
FN:658,(anonymous_29)
FN:665,(anonymous_30)
FN:673,(anonymous_31)
FN:680,(anonymous_32)
FN:692,(anonymous_33)
FN:713,(anonymous_34)
FN:725,(anonymous_35)
FN:727,(anonymous_36)
FN:742,(anonymous_37)
FN:749,(anonymous_38)
FN:756,(anonymous_39)
FN:763,(anonymous_40)
FN:770,(anonymous_41)
FN:777,(anonymous_42)
FN:784,(anonymous_43)
FN:791,(anonymous_44)
FN:798,(anonymous_45)
FN:805,(anonymous_46)
FN:812,(anonymous_47)
FN:836,(anonymous_48)
FN:843,(anonymous_49)
FN:850,(anonymous_50)
FN:866,(anonymous_51)
FN:879,(anonymous_52)
FNF:53
FNH:27
FNDA:137,(anonymous_0)
FNDA:137,(anonymous_1)
FNDA:137,(anonymous_2)
FNDA:0,(anonymous_3)
FNDA:0,(anonymous_4)
FNDA:0,(anonymous_5)
FNDA:137,(anonymous_6)
FNDA:33,(anonymous_7)
FNDA:0,(anonymous_8)
FNDA:0,(anonymous_9)
FNDA:137,(anonymous_10)
FNDA:2,(anonymous_11)
FNDA:1,(anonymous_12)
FNDA:0,(anonymous_13)
FNDA:0,(anonymous_14)
FNDA:2,(anonymous_15)
FNDA:1,(anonymous_16)
FNDA:5,(anonymous_17)
FNDA:0,(anonymous_18)
FNDA:1,(anonymous_19)
FNDA:1,(anonymous_20)
FNDA:12,(anonymous_21)
FNDA:8,(anonymous_22)
FNDA:7,(anonymous_23)
FNDA:1,(anonymous_24)
FNDA:1,(anonymous_25)
FNDA:1,(anonymous_26)
FNDA:34,(anonymous_27)
FNDA:0,(anonymous_28)
FNDA:0,(anonymous_29)
FNDA:0,(anonymous_30)
FNDA:0,(anonymous_31)
FNDA:0,(anonymous_32)
FNDA:0,(anonymous_33)
FNDA:0,(anonymous_34)
FNDA:0,(anonymous_35)
FNDA:0,(anonymous_36)
FNDA:0,(anonymous_37)
FNDA:0,(anonymous_38)
FNDA:0,(anonymous_39)
FNDA:0,(anonymous_40)
FNDA:0,(anonymous_41)
FNDA:0,(anonymous_42)
FNDA:0,(anonymous_43)
FNDA:0,(anonymous_44)
FNDA:1,(anonymous_45)
FNDA:1,(anonymous_46)
FNDA:2,(anonymous_47)
FNDA:1,(anonymous_48)
FNDA:1,(anonymous_49)
FNDA:1,(anonymous_50)
FNDA:0,(anonymous_51)
FNDA:33,(anonymous_52)
DA:27,137
DA:36,137
DA:37,0
DA:39,137
DA:40,0
DA:44,137
DA:45,0
DA:49,137
DA:50,0
DA:56,137
DA:57,137
DA:58,0
DA:61,137
DA:62,137
DA:63,0
DA:67,137
DA:80,137
DA:81,0
DA:83,137
DA:87,0
DA:91,137
DA:92,0
DA:96,137
DA:97,0
DA:101,137
DA:102,137
DA:105,137
DA:112,137
DA:119,137
DA:128,137
DA:129,137
DA:130,137
DA:133,32
DA:134,0
DA:136,32
DA:137,0
DA:141,32
DA:142,0
DA:146,32
DA:147,0
DA:153,32
DA:154,0
DA:156,32
DA:157,0
DA:161,32
DA:162,32
DA:163,32
DA:166,32
DA:167,0
DA:169,32
DA:170,0
DA:172,32
DA:173,0
DA:176,32
DA:183,137
DA:186,137
DA:187,137
DA:190,137
DA:193,137
DA:197,137
DA:205,137
DA:212,137
DA:213,137
DA:216,0
DA:220,137
DA:221,137
DA:224,0
DA:228,137
DA:229,137
DA:232,0
DA:237,137
DA:245,137
DA:252,33
DA:258,32
DA:266,33
DA:267,0
DA:269,0
DA:274,33
DA:275,0
DA:277,0
DA:287,137
DA:288,2
DA:289,2
DA:292,2
DA:295,137
DA:296,1
DA:297,1
DA:299,1
DA:300,1
DA:303,1
DA:306,137
DA:307,0
DA:308,0
DA:310,0
DA:311,0
DA:314,0
DA:318,137
DA:319,0
DA:320,0
DA:325,137
DA:326,2
DA:327,2
DA:328,2
DA:331,2
DA:335,137
DA:336,1
DA:337,1
DA:338,1
DA:341,1
DA:345,137
DA:346,5
DA:351,5
DA:354,137
DA:355,0
DA:356,0
DA:360,137
DA:361,1
DA:364,137
DA:365,1
DA:375,12
DA:386,8
DA:388,8
DA:390,2
DA:391,2
DA:392,2
DA:393,2
DA:396,1
DA:397,1
DA:398,1
DA:399,1
DA:402,1
DA:403,1
DA:407,1
DA:408,1
DA:411,1
DA:412,1
DA:416,1
DA:417,1
DA:420,1
DA:421,1
DA:423,1
DA:426,1
DA:427,1
DA:429,1
DA:432,0
DA:433,0
DA:435,0
DA:438,1
DA:446,7
DA:448,7
DA:450,2
DA:451,2
DA:454,1
DA:455,1
DA:458,0
DA:459,0
DA:462,1
DA:463,1
DA:466,1
DA:467,1
DA:470,1
DA:471,1
DA:472,1
DA:475,1
DA:483,1
DA:484,1
DA:487,1
DA:488,4
DA:489,4
DA:494,1
DA:495,1
DA:499,1
DA:500,1
DA:504,0
DA:505,0
DA:509,0
DA:510,0
DA:514,0
DA:515,0
DA:516,0
DA:519,0
DA:522,0
DA:528,0
DA:529,0
DA:532,0
DA:534,1
DA:535,1
DA:543,1
DA:544,0
DA:545,0
DA:547,0
DA:552,0
DA:560,1
DA:561,0
DA:562,0
DA:563,0
DA:565,0
DA:569,0
DA:577,34
DA:578,33
DA:580,33
DA:581,0
DA:585,33
DA:586,132
DA:587,132
DA:592,33
DA:593,33
DA:597,33
DA:598,33
DA:602,33
DA:603,33
DA:606,33
DA:612,33
DA:619,0
DA:620,0
DA:623,0
DA:624,0
DA:626,0
DA:628,0
DA:629,0
DA:630,0
DA:635,0
DA:636,0
DA:640,0
DA:641,0
DA:645,0
DA:648,0
DA:650,0
DA:651,0
DA:660,0
DA:661,0
DA:665,0
DA:666,0
DA:667,0
DA:672,0
DA:673,0
DA:683,0
DA:693,0
DA:694,0
DA:698,0
DA:705,0
DA:706,0
DA:714,0
DA:716,0
DA:726,0
DA:727,0
DA:729,0
DA:730,0
DA:732,0
DA:743,0
DA:750,0
DA:757,0
DA:764,0
DA:771,0
DA:778,0
DA:785,0
DA:792,0
DA:799,1
DA:806,1
DA:813,2
DA:814,2
DA:816,2
DA:817,1
DA:818,1
DA:825,0
DA:826,0
DA:830,2
DA:837,1
DA:844,1
DA:851,1
DA:867,0
DA:870,0
DA:880,33
DA:883,32
DA:884,32
DA:888,32
DA:889,32
DA:893,32
DA:896,32
DA:897,32
DA:898,32
DA:899,32
DA:901,32
LF:283
LH:173
BRDA:25,0,0,0
BRDA:36,1,0,0
BRDA:36,1,1,137
BRDA:39,2,0,0
BRDA:39,2,1,137
BRDA:44,3,0,0
BRDA:44,3,1,137
BRDA:49,4,0,0
BRDA:49,4,1,137
BRDA:57,5,0,0
BRDA:57,5,1,137
BRDA:57,6,0,137
BRDA:57,6,1,137
BRDA:62,7,0,0
BRDA:62,7,1,137
BRDA:62,8,0,137
BRDA:62,8,1,137
BRDA:80,9,0,0
BRDA:80,9,1,137
BRDA:83,10,0,0
BRDA:83,10,1,137
BRDA:84,11,0,137
BRDA:84,11,1,137
BRDA:91,12,0,0
BRDA:91,12,1,137
BRDA:91,13,0,137
BRDA:91,13,1,137
BRDA:96,14,0,0
BRDA:96,14,1,137
BRDA:133,15,0,0
BRDA:133,15,1,32
BRDA:136,16,0,0
BRDA:136,16,1,32
BRDA:136,17,0,32
BRDA:136,17,1,32
BRDA:141,18,0,0
BRDA:141,18,1,32
BRDA:141,19,0,32
BRDA:141,19,1,32
BRDA:146,20,0,0
BRDA:146,20,1,32
BRDA:146,21,0,32
BRDA:146,21,1,32
BRDA:153,22,0,0
BRDA:153,22,1,32
BRDA:156,23,0,0
BRDA:156,23,1,32
BRDA:166,24,0,0
BRDA:166,24,1,32
BRDA:169,25,0,0
BRDA:169,25,1,32
BRDA:172,26,0,0
BRDA:172,26,1,32
BRDA:212,27,0,137
BRDA:212,27,1,0
BRDA:220,28,0,137
BRDA:220,28,1,0
BRDA:228,29,0,137
BRDA:228,29,1,0
BRDA:267,30,0,0
BRDA:267,30,1,0
BRDA:275,31,0,0
BRDA:275,31,1,0
BRDA:288,32,0,2
BRDA:288,32,1,0
BRDA:296,33,0,1
BRDA:296,33,1,0
BRDA:299,34,0,1
BRDA:299,34,1,0
BRDA:307,35,0,0
BRDA:307,35,1,0
BRDA:310,36,0,0
BRDA:310,36,1,0
BRDA:319,37,0,0
BRDA:319,37,1,0
BRDA:327,38,0,2
BRDA:327,38,1,0
BRDA:337,39,0,1
BRDA:337,39,1,0
BRDA:349,40,0,5
BRDA:349,40,1,0
BRDA:388,41,0,2
BRDA:388,41,1,1
BRDA:388,41,2,1
BRDA:388,41,3,1
BRDA:388,41,4,1
BRDA:388,41,5,1
BRDA:388,41,6,0
BRDA:388,41,7,1
BRDA:390,42,0,2
BRDA:390,42,1,0
BRDA:396,43,0,1
BRDA:396,43,1,0
BRDA:402,44,0,1
BRDA:402,44,1,0
BRDA:411,45,0,1
BRDA:411,45,1,0
BRDA:420,46,0,1
BRDA:420,46,1,0
BRDA:426,47,0,1
BRDA:426,47,1,0
BRDA:432,48,0,0
BRDA:432,48,1,0
BRDA:448,49,0,2
BRDA:448,49,1,1
BRDA:448,49,2,0
BRDA:448,49,3,1
BRDA:448,49,4,1
BRDA:448,49,5,1
BRDA:448,49,6,1
BRDA:488,50,0,4
BRDA:488,50,1,0
BRDA:494,51,0,1
BRDA:494,51,1,0
BRDA:499,52,0,1
BRDA:499,52,1,0
BRDA:504,53,0,0
BRDA:504,53,1,0
BRDA:509,54,0,0
BRDA:509,54,1,0
BRDA:509,55,0,0
BRDA:509,55,1,0
BRDA:528,56,0,0
BRDA:528,56,1,0
BRDA:543,57,0,0
BRDA:543,57,1,1
BRDA:543,58,0,1
BRDA:543,58,1,0
BRDA:560,59,0,0
BRDA:560,59,1,1
BRDA:560,60,0,1
BRDA:560,60,1,0
BRDA:580,61,0,0
BRDA:580,61,1,33
BRDA:586,62,0,132
BRDA:586,62,1,0
BRDA:592,63,0,33
BRDA:592,63,1,0
BRDA:597,64,0,33
BRDA:597,64,1,0
BRDA:602,65,0,33
BRDA:602,65,1,0
BRDA:619,66,0,0
BRDA:619,66,1,0
BRDA:619,67,0,0
BRDA:619,67,1,0
BRDA:629,68,0,0
BRDA:629,68,1,0
BRDA:635,69,0,0
BRDA:635,69,1,0
BRDA:640,70,0,0
BRDA:640,70,1,0
BRDA:660,71,0,0
BRDA:660,71,1,0
BRDA:660,72,0,0
BRDA:660,72,1,0
BRDA:666,73,0,0
BRDA:666,73,1,0
BRDA:693,74,0,0
BRDA:693,74,1,0
BRDA:705,75,0,0
BRDA:705,75,1,0
BRDA:705,76,0,0
BRDA:705,76,1,0
BRDA:729,77,0,0
BRDA:729,77,1,0
BRDA:778,78,0,0
BRDA:778,78,1,0
BRDA:785,79,0,0
BRDA:785,79,1,0
BRDA:792,80,0,0
BRDA:792,80,1,0
BRDA:817,81,0,1
BRDA:817,81,1,0
BRDA:843,82,0,0
BRDA:856,83,0,1
BRDA:856,83,1,0
BRDA:858,84,0,1
BRDA:858,84,1,0
BRDA:859,85,0,1
BRDA:859,85,1,0
BRDA:883,86,0,32
BRDA:883,86,1,0
BRDA:888,87,0,32
BRDA:888,87,1,0
BRF:185
BRH:79
end_of_record
TN:
SF:src/AudioSystem/AudioManager.js
FN:12,(anonymous_0)
FN:43,(anonymous_1)
FN:67,(anonymous_2)
FN:92,(anonymous_3)
FN:109,(anonymous_4)
FN:127,(anonymous_5)
FN:147,(anonymous_6)
FN:169,(anonymous_7)
FN:181,(anonymous_8)
FN:201,(anonymous_9)
FN:214,(anonymous_10)
FN:231,(anonymous_11)
FN:233,(anonymous_12)
FN:240,(anonymous_13)
FN:258,(anonymous_14)
FN:262,(anonymous_15)
FN:283,(anonymous_16)
FN:294,(anonymous_17)
FN:307,(anonymous_18)
FN:321,(anonymous_19)
FN:337,(anonymous_20)
FN:345,(anonymous_21)
FN:357,(anonymous_22)
FN:369,(anonymous_23)
FN:380,(anonymous_24)
FNF:25
FNH:12
FNDA:15,(anonymous_0)
FNDA:0,(anonymous_1)
FNDA:0,(anonymous_2)
FNDA:0,(anonymous_3)
FNDA:0,(anonymous_4)
FNDA:0,(anonymous_5)
FNDA:3,(anonymous_6)
FNDA:0,(anonymous_7)
FNDA:3,(anonymous_8)
FNDA:0,(anonymous_9)
FNDA:19,(anonymous_10)
FNDA:0,(anonymous_11)
FNDA:0,(anonymous_12)
FNDA:0,(anonymous_13)
FNDA:0,(anonymous_14)
FNDA:0,(anonymous_15)
FNDA:5,(anonymous_16)
FNDA:2,(anonymous_17)
FNDA:5,(anonymous_18)
FNDA:8,(anonymous_19)
FNDA:5,(anonymous_20)
FNDA:2,(anonymous_21)
FNDA:1,(anonymous_22)
FNDA:0,(anonymous_23)
FNDA:15,(anonymous_24)
DA:13,15
DA:14,15
DA:15,15
DA:16,15
DA:17,15
DA:25,15
DA:26,15
DA:27,15
DA:30,15
DA:44,0
DA:46,0
DA:48,0
DA:51,0
DA:54,0
DA:56,0
DA:58,0
DA:59,0
DA:69,0
DA:74,0
DA:75,0
DA:79,0
DA:83,0
DA:84,0
DA:93,0
DA:94,0
DA:95,0
DA:96,0
DA:98,0
DA:99,0
DA:101,0
DA:110,0
DA:111,0
DA:112,0
DA:113,0
DA:114,0
DA:116,0
DA:117,0
DA:119,0
DA:129,0
DA:131,0
DA:132,0
DA:133,0
DA:134,0
DA:135,0
DA:136,0
DA:139,0
DA:148,3
DA:150,3
DA:151,3
DA:152,1
DA:153,1
DA:157,2
DA:158,1
DA:161,2
DA:162,1
DA:166,2
DA:169,2
DA:170,0
DA:174,2
DA:182,3
DA:185,3
DA:187,2
DA:188,2
DA:189,1
DA:190,1
DA:194,1
DA:195,0
DA:198,1
DA:199,0
DA:201,1
DA:202,0
DA:207,1
DA:215,19
DA:216,5
DA:217,5
DA:218,0
DA:220,5
DA:221,3
DA:232,0
DA:233,0
DA:234,0
DA:237,0
DA:238,0
DA:240,0
DA:241,0
DA:242,0
DA:244,0
DA:246,0
DA:247,0
DA:251,0
DA:259,0
DA:260,0
DA:262,0
DA:263,0
DA:264,0
DA:266,0
DA:268,0
DA:269,0
DA:271,0
DA:272,0
DA:276,0
DA:284,5
DA:285,5
DA:287,1
DA:295,2
DA:296,2
DA:297,1
DA:298,1
DA:299,1
DA:308,5
DA:311,5
DA:314,5
DA:323,8
DA:324,0
DA:328,8
DA:329,0
DA:338,5
DA:346,2
DA:347,2
DA:350,2
DA:358,1
DA:359,1
DA:362,1
DA:384,15
DA:386,14
DA:387,0
DA:388,0
DA:391,14
DA:392,14
DA:393,14
LF:130
LH:61
BRDA:12,0,0,0
BRDA:44,1,0,0
BRDA:44,1,1,0
BRDA:48,2,0,0
BRDA:48,2,1,0
BRDA:135,3,0,0
BRDA:135,3,1,0
BRDA:147,4,0,2
BRDA:148,5,0,0
BRDA:148,5,1,3
BRDA:150,6,0,3
BRDA:150,6,1,3
BRDA:151,7,0,1
BRDA:151,7,1,2
BRDA:157,8,0,1
BRDA:157,8,1,1
BRDA:161,9,0,1
BRDA:161,9,1,1
BRDA:181,10,0,3
BRDA:182,11,0,0
BRDA:182,11,1,3
BRDA:188,12,0,1
BRDA:188,12,1,1
BRDA:194,13,0,0
BRDA:194,13,1,1
BRDA:198,14,0,0
BRDA:198,14,1,1
BRDA:214,15,0,19
BRDA:216,16,0,5
BRDA:216,16,1,0
BRDA:217,17,0,0
BRDA:217,17,1,5
BRDA:246,18,0,0
BRDA:246,18,1,0
BRDA:268,19,0,0
BRDA:268,19,1,0
BRDA:285,20,0,4
BRDA:285,20,1,1
BRDA:285,21,0,5
BRDA:285,21,1,2
BRDA:296,22,0,1
BRDA:296,22,1,1
BRDA:296,23,0,2
BRDA:296,23,1,2
BRDA:338,24,0,5
BRDA:338,24,1,1
BRDA:386,25,0,0
BRDA:386,25,1,14
BRF:48
BRH:30
end_of_record
TN:
SF:src/CollisionSystem/CollisionDetector.js
FN:12,(anonymous_0)
FN:35,(anonymous_1)
FN:46,(anonymous_2)
FN:66,(anonymous_3)
FN:79,(anonymous_4)
FN:92,(anonymous_5)
FN:111,(anonymous_6)
FN:137,(anonymous_7)
FN:146,(anonymous_8)
FN:157,(anonymous_9)
FN:173,(anonymous_10)
FN:185,(anonymous_11)
FN:210,(anonymous_12)
FN:221,(anonymous_13)
FN:232,(anonymous_14)
FN:241,(anonymous_15)
FN:249,(anonymous_16)
FN:257,(anonymous_17)
FN:265,(anonymous_18)
FN:276,(anonymous_19)
FNF:20
FNH:12
FNDA:9,(anonymous_0)
FNDA:0,(anonymous_1)
FNDA:3,(anonymous_2)
FNDA:1,(anonymous_3)
FNDA:1,(anonymous_4)
FNDA:0,(anonymous_5)
FNDA:0,(anonymous_6)
FNDA:0,(anonymous_7)
FNDA:1,(anonymous_8)
FNDA:2,(anonymous_9)
FNDA:1,(anonymous_10)
FNDA:0,(anonymous_11)
FNDA:0,(anonymous_12)
FNDA:0,(anonymous_13)
FNDA:1,(anonymous_14)
FNDA:3,(anonymous_15)
FNDA:1,(anonymous_16)
FNDA:1,(anonymous_17)
FNDA:0,(anonymous_18)
FNDA:9,(anonymous_19)
DA:13,9
DA:14,9
DA:15,9
DA:18,9
DA:19,9
DA:20,9
DA:23,9
DA:39,0
DA:47,3
DA:59,3
DA:67,1
DA:68,1
DA:70,1
DA:71,1
DA:80,1
DA:81,1
DA:82,1
DA:84,1
DA:93,0
DA:95,0
DA:96,0
DA:98,0
DA:102,0
DA:104,0
DA:112,0
DA:113,0
DA:115,0
DA:116,0
DA:117,0
DA:118,0
DA:120,0
DA:121,0
DA:130,0
DA:139,0
DA:150,1
DA:158,2
DA:159,2
DA:160,2
DA:161,2
DA:163,2
DA:175,1
DA:186,0
DA:187,0
DA:190,0
DA:198,0
DA:199,0
DA:201,0
DA:214,0
DA:225,0
DA:234,1
DA:269,0
DA:279,9
DA:280,9
LF:53
LH:27
BRDA:12,0,0,0
BRDA:49,1,0,3
BRDA:49,1,1,0
BRDA:50,2,0,3
BRDA:50,2,1,0
BRDA:51,3,0,3
BRDA:51,3,1,0
BRDA:52,4,0,3
BRDA:52,4,1,3
BRDA:53,5,0,3
BRDA:53,5,1,3
BRDA:54,6,0,3
BRDA:54,6,1,3
BRDA:68,7,0,1
BRDA:68,7,1,0
BRDA:81,8,0,1
BRDA:81,8,1,0
BRDA:95,9,0,0
BRDA:95,9,1,0
BRDA:120,10,0,0
BRDA:120,10,1,0
BRDA:120,11,0,0
BRDA:120,11,1,0
BRDA:163,12,0,2
BRDA:163,12,1,2
BRDA:163,12,2,1
BRDA:163,12,3,1
BRDA:198,13,0,0
BRDA:198,13,1,0
BRDA:198,14,0,0
BRDA:198,14,1,0
BRF:31
BRH:15
end_of_record
TN:
SF:src/GameLoop/GameLoopManager.js
FN:12,(anonymous_0)
FN:39,(anonymous_1)
FN:50,(anonymous_2)
FN:67,(anonymous_3)
FN:80,(anonymous_4)
FN:87,(anonymous_5)
FN:100,(anonymous_6)
FN:112,(anonymous_7)
FN:125,(anonymous_8)
FN:144,(anonymous_9)
FN:152,(anonymous_10)
FN:162,(anonymous_11)
FNF:12
FNH:9
FNDA:9,(anonymous_0)
FNDA:0,(anonymous_1)
FNDA:4,(anonymous_2)
FNDA:4,(anonymous_3)
FNDA:0,(anonymous_4)
FNDA:0,(anonymous_5)
FNDA:2,(anonymous_6)
FNDA:1,(anonymous_7)
FNDA:9,(anonymous_8)
FNDA:2,(anonymous_9)
FNDA:1,(anonymous_10)
FNDA:8,(anonymous_11)
DA:13,9
DA:14,9
DA:15,9
DA:16,9
DA:17,9
DA:18,9
DA:19,9
DA:22,9
DA:23,9
DA:24,9
DA:27,9
DA:43,0
DA:51,4
DA:53,4
DA:54,4
DA:55,4
DA:58,4
DA:60,4
DA:68,4
DA:70,4
DA:71,4
DA:73,4
DA:74,0
DA:75,0
DA:77,0
DA:80,4
DA:101,2
DA:103,2
DA:105,2
DA:113,1
DA:115,1
DA:116,1
DA:118,1
DA:126,9
DA:128,4
DA:129,4
DA:131,4
DA:132,4
DA:133,4
DA:137,4
DA:145,2
DA:153,1
DA:155,1
DA:163,8
LF:44
LH:40
BRDA:12,0,0,0
BRDA:15,1,0,9
BRDA:15,1,1,8
BRDA:51,2,0,0
BRDA:51,2,1,4
BRDA:68,3,0,0
BRDA:68,3,1,4
BRDA:73,4,0,0
BRDA:73,4,1,4
BRDA:74,5,0,0
BRDA:74,5,1,0
BRDA:101,6,0,0
BRDA:101,6,1,2
BRDA:101,7,0,2
BRDA:101,7,1,2
BRDA:113,8,0,0
BRDA:113,8,1,1
BRDA:113,9,0,1
BRDA:113,9,1,1
BRDA:126,10,0,5
BRDA:126,10,1,4
BRDA:131,11,0,4
BRDA:131,11,1,0
BRF:23
BRH:14
end_of_record
TN:
SF:src/InputSystem/InputHandler.js
FN:12,(anonymous_0)
FN:43,(anonymous_1)
FN:57,(anonymous_2)
FN:86,(anonymous_3)
FN:110,(anonymous_4)
FN:129,(anonymous_5)
FN:141,(anonymous_6)
FN:159,(anonymous_7)
FN:177,(anonymous_8)
FN:188,(anonymous_9)
FN:207,(anonymous_10)
FN:226,(anonymous_11)
FN:245,(anonymous_12)
FN:255,(anonymous_13)
FN:265,(anonymous_14)
FN:275,(anonymous_15)
FN:295,(anonymous_16)
FN:304,(anonymous_17)
FN:313,(anonymous_18)
FN:324,(anonymous_19)
FN:332,(anonymous_20)
FN:340,(anonymous_21)
FN:350,(anonymous_22)
FN:359,(anonymous_23)
FN:370,(anonymous_24)
FN:385,(anonymous_25)
FNF:26
FNH:14
FNDA:14,(anonymous_0)
FNDA:0,(anonymous_1)
FNDA:0,(anonymous_2)
FNDA:3,(anonymous_3)
FNDA:1,(anonymous_4)
FNDA:1,(anonymous_5)
FNDA:1,(anonymous_6)
FNDA:1,(anonymous_7)
FNDA:0,(anonymous_8)
FNDA:0,(anonymous_9)
FNDA:0,(anonymous_10)
FNDA:0,(anonymous_11)
FNDA:0,(anonymous_12)
FNDA:0,(anonymous_13)
FNDA:0,(anonymous_14)
FNDA:6,(anonymous_15)
FNDA:2,(anonymous_16)
FNDA:2,(anonymous_17)
FNDA:1,(anonymous_18)
FNDA:1,(anonymous_19)
FNDA:1,(anonymous_20)
FNDA:8,(anonymous_21)
FNDA:0,(anonymous_22)
FNDA:0,(anonymous_23)
FNDA:0,(anonymous_24)
FNDA:14,(anonymous_25)
DA:13,14
DA:14,14
DA:15,14
DA:16,14
DA:24,14
DA:25,14
DA:26,14
DA:29,14
DA:49,0
DA:50,0
DA:58,0
DA:59,0
DA:60,0
DA:63,0
DA:64,0
DA:65,0
DA:66,0
DA:67,0
DA:70,0
DA:71,0
DA:72,0
DA:73,0
DA:76,0
DA:77,0
DA:78,0
DA:87,3
DA:88,3
DA:95,3
DA:98,3
DA:101,3
DA:102,3
DA:111,1
DA:112,1
DA:119,1
DA:122,1
DA:130,1
DA:131,1
DA:134,1
DA:142,1
DA:143,1
DA:149,1
DA:152,1
DA:160,1
DA:161,1
DA:167,1
DA:170,1
DA:179,0
DA:180,0
DA:189,0
DA:190,0
DA:191,0
DA:194,0
DA:197,0
DA:200,0
DA:208,0
DA:209,0
DA:210,0
DA:213,0
DA:216,0
DA:219,0
DA:227,0
DA:228,0
DA:229,0
DA:232,0
DA:235,0
DA:238,0
DA:246,0
DA:248,0
DA:256,0
DA:258,0
DA:276,6
DA:278,5
DA:286,5
DA:287,0
DA:296,2
DA:297,2
DA:305,2
DA:306,2
DA:314,1
DA:325,1
DA:333,1
DA:342,8
DA:343,8
DA:352,0
DA:363,0
DA:371,0
DA:373,0
DA:374,0
DA:376,0
DA:377,0
DA:389,14
DA:390,14
DA:391,14
DA:392,14
LF:94
LH:45
BRDA:12,0,0,0
BRDA:58,1,0,0
BRDA:58,1,1,0
BRDA:63,2,0,0
BRDA:63,2,1,0
BRDA:70,3,0,0
BRDA:70,3,1,0
BRDA:76,4,0,0
BRDA:76,4,1,0
BRDA:87,5,0,3
BRDA:87,5,1,0
BRDA:101,6,0,3
BRDA:101,6,1,0
BRDA:111,7,0,1
BRDA:111,7,1,0
BRDA:179,8,0,0
BRDA:179,8,1,0
BRDA:276,9,0,1
BRDA:276,9,1,5
BRDA:286,10,0,0
BRDA:286,10,1,5
BRDA:297,11,0,1
BRDA:297,11,1,1
BRDA:306,12,0,1
BRDA:306,12,1,1
BRDA:371,13,0,0
BRDA:371,13,1,0
BRDA:374,14,0,0
BRDA:374,14,1,0
BRF:29
BRH:10
end_of_record
TN:
SF:src/Spawner/EntitySpawner.js
FN:12,(anonymous_0)
FN:36,(anonymous_1)
FN:47,(anonymous_2)
FN:65,(anonymous_3)
FN:87,(anonymous_4)
FN:101,(anonymous_5)
FN:115,(anonymous_6)
FN:129,(anonymous_7)
FN:143,(anonymous_8)
FN:159,(anonymous_9)
FN:173,(anonymous_10)
FN:188,(anonymous_11)
FN:199,(anonymous_12)
FN:207,(anonymous_13)
FN:217,(anonymous_14)
FNF:15
FNH:13
FNDA:10,(anonymous_0)
FNDA:0,(anonymous_1)
FNDA:11,(anonymous_2)
FNDA:11,(anonymous_3)
FNDA:1,(anonymous_4)
FNDA:7,(anonymous_5)
FNDA:2,(anonymous_6)
FNDA:1,(anonymous_7)
FNDA:1,(anonymous_8)
FNDA:2,(anonymous_9)
FNDA:1,(anonymous_10)
FNDA:0,(anonymous_11)
FNDA:23,(anonymous_12)
FNDA:4,(anonymous_13)
FNDA:10,(anonymous_14)
DA:13,10
DA:14,10
DA:15,10
DA:16,10
DA:19,10
DA:20,10
DA:21,10
DA:24,10
DA:40,0
DA:48,11
DA:49,11
DA:51,11
DA:52,11
DA:54,11
DA:55,11
DA:58,0
DA:68,11
DA:70,1
DA:72,7
DA:74,2
DA:76,1
DA:78,0
DA:79,0
DA:89,1
DA:103,7
DA:117,2
DA:131,1
DA:144,1
DA:145,1
DA:146,1
DA:149,1
DA:150,1
DA:152,0
DA:160,2
DA:161,2
DA:162,6
DA:163,3
DA:166,2
DA:174,1
DA:175,1
DA:176,3
DA:177,3
DA:178,2
DA:181,1
DA:200,23
DA:208,4
DA:209,4
DA:210,4
DA:221,10
DA:222,10
DA:223,10
DA:224,10
LF:52
LH:47
BRDA:12,0,0,0
BRDA:47,1,0,11
BRDA:51,2,0,11
BRDA:51,2,1,0
BRDA:68,3,0,1
BRDA:68,3,1,7
BRDA:68,3,2,2
BRDA:68,3,3,1
BRDA:68,3,4,0
BRDA:145,4,0,1
BRDA:145,4,1,0
BRDA:162,5,0,3
BRDA:162,5,1,3
BRDA:177,6,0,2
BRDA:177,6,1,1
BRF:15
BRH:11
end_of_record
TN:
SF:src/core/ConfigManager.js
FN:13,(anonymous_0)
FN:29,(anonymous_1)
FN:128,(anonymous_2)
FN:130,(anonymous_3)
FN:133,(anonymous_4)
FN:137,(anonymous_5)
FN:141,(anonymous_6)
FN:145,(anonymous_7)
FN:149,(anonymous_8)
FN:153,(anonymous_9)
FN:157,(anonymous_10)
FN:161,(anonymous_11)
FN:167,(anonymous_12)
FN:173,(anonymous_13)
FN:179,(anonymous_14)
FN:187,(anonymous_15)
FN:193,(anonymous_16)
FN:197,(anonymous_17)
FN:205,(anonymous_18)
FN:211,(anonymous_19)
FN:217,(anonymous_20)
FN:222,(anonymous_21)
FN:226,(anonymous_22)
FN:233,(anonymous_23)
FN:261,(anonymous_24)
FN:276,(anonymous_25)
FN:290,(anonymous_26)
FN:301,(anonymous_27)
FN:322,(anonymous_28)
FN:341,(anonymous_29)
FN:355,(anonymous_30)
FN:362,(anonymous_31)
FN:370,(anonymous_32)
FN:377,(anonymous_33)
FN:378,(anonymous_34)
FN:386,(anonymous_35)
FN:389,(anonymous_36)
FN:401,(anonymous_37)
FN:411,(anonymous_38)
FN:424,(anonymous_39)
FN:426,(anonymous_40)
FN:439,(anonymous_41)
FN:451,(anonymous_42)
FN:460,(anonymous_43)
FN:467,(anonymous_44)
FN:476,(anonymous_45)
FN:486,(anonymous_46)
FN:502,(anonymous_47)
FN:525,(anonymous_48)
FN:532,(anonymous_49)
FN:548,(anonymous_50)
FNF:51
FNH:0
FNDA:0,(anonymous_0)
FNDA:0,(anonymous_1)
FNDA:0,(anonymous_2)
FNDA:0,(anonymous_3)
FNDA:0,(anonymous_4)
FNDA:0,(anonymous_5)
FNDA:0,(anonymous_6)
FNDA:0,(anonymous_7)
FNDA:0,(anonymous_8)
FNDA:0,(anonymous_9)
FNDA:0,(anonymous_10)
FNDA:0,(anonymous_11)
FNDA:0,(anonymous_12)
FNDA:0,(anonymous_13)
FNDA:0,(anonymous_14)
FNDA:0,(anonymous_15)
FNDA:0,(anonymous_16)
FNDA:0,(anonymous_17)
FNDA:0,(anonymous_18)
FNDA:0,(anonymous_19)
FNDA:0,(anonymous_20)
FNDA:0,(anonymous_21)
FNDA:0,(anonymous_22)
FNDA:0,(anonymous_23)
FNDA:0,(anonymous_24)
FNDA:0,(anonymous_25)
FNDA:0,(anonymous_26)
FNDA:0,(anonymous_27)
FNDA:0,(anonymous_28)
FNDA:0,(anonymous_29)
FNDA:0,(anonymous_30)
FNDA:0,(anonymous_31)
FNDA:0,(anonymous_32)
FNDA:0,(anonymous_33)
FNDA:0,(anonymous_34)
FNDA:0,(anonymous_35)
FNDA:0,(anonymous_36)
FNDA:0,(anonymous_37)
FNDA:0,(anonymous_38)
FNDA:0,(anonymous_39)
FNDA:0,(anonymous_40)
FNDA:0,(anonymous_41)
FNDA:0,(anonymous_42)
FNDA:0,(anonymous_43)
FNDA:0,(anonymous_44)
FNDA:0,(anonymous_45)
FNDA:0,(anonymous_46)
FNDA:0,(anonymous_47)
FNDA:0,(anonymous_48)
FNDA:0,(anonymous_49)
FNDA:0,(anonymous_50)
DA:14,0
DA:15,0
DA:16,0
DA:17,0
DA:20,0
DA:23,0
DA:30,0
DA:130,0
DA:131,0
DA:133,0
DA:135,0
DA:137,0
DA:139,0
DA:141,0
DA:143,0
DA:145,0
DA:147,0
DA:149,0
DA:151,0
DA:153,0
DA:155,0
DA:157,0
DA:159,0
DA:161,0
DA:165,0
DA:168,0
DA:171,0
DA:174,0
DA:177,0
DA:180,0
DA:185,0
DA:188,0
DA:191,0
DA:193,0
DA:195,0
DA:198,0
DA:203,0
DA:206,0
DA:209,0
DA:211,0
DA:215,0
DA:218,0
DA:220,0
DA:222,0
DA:224,0
DA:226,0
DA:234,0
DA:236,0
DA:239,0
DA:242,0
DA:245,0
DA:248,0
DA:250,0
DA:252,0
DA:254,0
DA:262,0
DA:263,0
DA:264,0
DA:265,0
DA:266,0
DA:269,0
DA:277,0
DA:279,0
DA:280,0
DA:281,0
DA:282,0
DA:293,0
DA:294,0
DA:303,0
DA:316,0
DA:324,0
DA:325,0
DA:328,0
DA:329,0
DA:330,0
DA:331,0
DA:332,0
DA:334,0
DA:342,0
DA:343,0
DA:344,0
DA:345,0
DA:347,0
DA:356,0
DA:363,0
DA:364,0
DA:371,0
DA:378,0
DA:379,0
DA:387,0
DA:388,0
DA:389,0
DA:390,0
DA:391,0
DA:393,0
DA:395,0
DA:402,0
DA:403,0
DA:405,0
DA:412,0
DA:413,0
DA:414,0
DA:415,0
DA:416,0
DA:425,0
DA:426,0
DA:427,0
DA:428,0
DA:430,0
DA:440,0
DA:441,0
DA:442,0
DA:444,0
DA:452,0
DA:453,0
DA:454,0
DA:461,0
DA:468,0
DA:469,0
DA:477,0
DA:478,0
DA:481,0
DA:482,0
DA:485,0
DA:486,0
DA:489,0
DA:490,0
DA:491,0
DA:492,0
DA:496,0
DA:503,0
DA:505,0
DA:506,0
DA:507,0
DA:512,0
DA:514,0
DA:519,0
DA:526,0
DA:533,0
DA:534,0
DA:535,0
DA:536,0
DA:537,0
DA:538,0
DA:540,0
DA:541,0
DA:549,0
LF:147
LH:0
BRDA:145,0,0,0
BRDA:145,0,1,0
BRDA:145,0,2,0
BRDA:149,1,0,0
BRDA:149,1,1,0
BRDA:149,1,2,0
BRDA:153,2,0,0
BRDA:153,2,1,0
BRDA:153,2,2,0
BRDA:157,3,0,0
BRDA:157,3,1,0
BRDA:157,3,2,0
BRDA:161,4,0,0
BRDA:161,4,1,0
BRDA:161,4,2,0
BRDA:168,5,0,0
BRDA:168,5,1,0
BRDA:174,6,0,0
BRDA:174,6,1,0
BRDA:180,7,0,0
BRDA:180,7,1,0
BRDA:188,8,0,0
BRDA:188,8,1,0
BRDA:193,9,0,0
BRDA:193,9,1,0
BRDA:193,9,2,0
BRDA:198,10,0,0
BRDA:198,10,1,0
BRDA:206,11,0,0
BRDA:206,11,1,0
BRDA:211,12,0,0
BRDA:211,12,1,0
BRDA:211,12,2,0
BRDA:218,13,0,0
BRDA:218,13,1,0
BRDA:222,14,0,0
BRDA:222,14,1,0
BRDA:226,15,0,0
BRDA:226,15,1,0
BRDA:226,15,2,0
BRDA:264,16,0,0
BRDA:264,16,1,0
BRDA:281,17,0,0
BRDA:281,17,1,0
BRDA:293,18,0,0
BRDA:293,18,1,0
BRDA:293,19,0,0
BRDA:293,19,1,0
BRDA:316,20,0,0
BRDA:316,20,1,0
BRDA:328,21,0,0
BRDA:328,21,1,0
BRDA:329,22,0,0
BRDA:329,22,1,0
BRDA:330,23,0,0
BRDA:330,23,1,0
BRDA:331,24,0,0
BRDA:331,24,1,0
BRDA:331,25,0,0
BRDA:331,25,1,0
BRDA:344,26,0,0
BRDA:344,26,1,0
BRDA:344,27,0,0
BRDA:344,27,1,0
BRDA:379,28,0,0
BRDA:379,28,1,0
BRDA:379,29,0,0
BRDA:379,29,1,0
BRDA:390,30,0,0
BRDA:390,30,1,0
BRDA:390,31,0,0
BRDA:390,31,1,0
BRDA:402,32,0,0
BRDA:402,32,1,0
BRDA:412,33,0,0
BRDA:412,33,1,0
BRDA:415,34,0,0
BRDA:415,34,1,0
BRDA:425,35,0,0
BRDA:425,35,1,0
BRDA:477,36,0,0
BRDA:477,36,1,0
BRDA:477,37,0,0
BRDA:477,37,1,0
BRDA:481,38,0,0
BRDA:481,38,1,0
BRDA:485,39,0,0
BRDA:485,39,1,0
BRDA:491,40,0,0
BRDA:491,40,1,0
BRDA:506,41,0,0
BRDA:506,41,1,0
BRDA:507,42,0,0
BRDA:507,42,1,0
BRDA:508,43,0,0
BRDA:508,43,1,0
BRDA:508,43,2,0
BRDA:512,44,0,0
BRDA:512,44,1,0
BRF:99
BRH:0
end_of_record
TN:
SF:src/core/ErrorHandler.js
FN:14,(anonymous_0)
FN:65,(anonymous_1)
FN:79,(anonymous_2)
FN:94,(anonymous_3)
FN:122,(anonymous_4)
FN:162,(anonymous_5)
FN:164,(anonymous_6)
FN:175,(anonymous_7)
FN:185,(anonymous_8)
FN:206,(anonymous_9)
FN:214,(anonymous_10)
FN:264,(anonymous_11)
FN:271,(anonymous_12)
FN:278,(anonymous_13)
FN:285,(anonymous_14)
FN:292,(anonymous_15)
FN:299,(anonymous_16)
FN:306,(anonymous_17)
FN:313,(anonymous_18)
FN:320,(anonymous_19)
FN:327,(anonymous_20)
FN:337,(anonymous_21)
FN:383,(anonymous_22)
FN:407,(anonymous_23)
FN:409,(anonymous_24)
FN:439,(anonymous_25)
FN:450,(anonymous_26)
FN:459,(anonymous_27)
FN:476,(anonymous_28)
FN:493,(anonymous_29)
FN:510,(anonymous_30)
FN:530,(anonymous_31)
FN:541,(anonymous_32)
FN:562,(anonymous_33)
FN:601,(anonymous_34)
FN:612,(anonymous_35)
FN:633,(anonymous_36)
FN:649,(anonymous_37)
FN:659,(anonymous_38)
FN:680,(anonymous_39)
FN:692,(anonymous_40)
FN:699,(anonymous_41)
FN:713,(anonymous_42)
FN:722,(anonymous_43)
FN:731,(anonymous_44)
FN:732,(anonymous_45)
FN:749,(anonymous_46)
FN:750,(anonymous_47)
FNF:48
FNH:0
FNDA:0,(anonymous_0)
FNDA:0,(anonymous_1)
FNDA:0,(anonymous_2)
FNDA:0,(anonymous_3)
FNDA:0,(anonymous_4)
FNDA:0,(anonymous_5)
FNDA:0,(anonymous_6)
FNDA:0,(anonymous_7)
FNDA:0,(anonymous_8)
FNDA:0,(anonymous_9)
FNDA:0,(anonymous_10)
FNDA:0,(anonymous_11)
FNDA:0,(anonymous_12)
FNDA:0,(anonymous_13)
FNDA:0,(anonymous_14)
FNDA:0,(anonymous_15)
FNDA:0,(anonymous_16)
FNDA:0,(anonymous_17)
FNDA:0,(anonymous_18)
FNDA:0,(anonymous_19)
FNDA:0,(anonymous_20)
FNDA:0,(anonymous_21)
FNDA:0,(anonymous_22)
FNDA:0,(anonymous_23)
FNDA:0,(anonymous_24)
FNDA:0,(anonymous_25)
FNDA:0,(anonymous_26)
FNDA:0,(anonymous_27)
FNDA:0,(anonymous_28)
FNDA:0,(anonymous_29)
FNDA:0,(anonymous_30)
FNDA:0,(anonymous_31)
FNDA:0,(anonymous_32)
FNDA:0,(anonymous_33)
FNDA:0,(anonymous_34)
FNDA:0,(anonymous_35)
FNDA:0,(anonymous_36)
FNDA:0,(anonymous_37)
FNDA:0,(anonymous_38)
FNDA:0,(anonymous_39)
FNDA:0,(anonymous_40)
FNDA:0,(anonymous_41)
FNDA:0,(anonymous_42)
FNDA:0,(anonymous_43)
FNDA:0,(anonymous_44)
FNDA:0,(anonymous_45)
FNDA:0,(anonymous_46)
FNDA:0,(anonymous_47)
DA:16,0
DA:17,0
DA:18,0
DA:21,0
DA:22,0
DA:24,0
DA:25,0
DA:29,0
DA:42,0
DA:43,0
DA:44,0
DA:45,0
DA:46,0
DA:47,0
DA:50,0
DA:51,0
DA:52,0
DA:55,0
DA:56,0
DA:57,0
DA:59,0
DA:66,0
DA:69,0
DA:70,0
DA:73,0
DA:80,0
DA:83,0
DA:86,0
DA:88,0
DA:96,0
DA:97,0
DA:101,0
DA:102,0
DA:103,0
DA:107,0
DA:111,0
DA:115,0
DA:116,0
DA:124,0
DA:131,0
DA:138,0
DA:145,0
DA:152,0
DA:164,0
DA:165,0
DA:175,0
DA:176,0
DA:183,0
DA:186,0
DA:187,0
DA:216,0
DA:217,0
DA:220,0
DA:234,0
DA:237,0
DA:240,0
DA:241,0
DA:245,0
DA:246,0
DA:250,0
DA:251,0
DA:255,0
DA:258,0
DA:265,0
DA:272,0
DA:275,0
DA:279,0
DA:282,0
DA:286,0
DA:289,0
DA:293,0
DA:296,0
DA:300,0
DA:303,0
DA:307,0
DA:310,0
DA:314,0
DA:317,0
DA:321,0
DA:324,0
DA:328,0
DA:331,0
DA:338,0
DA:339,0
DA:340,0
DA:343,0
DA:344,0
DA:346,0
DA:348,0
DA:350,0
DA:351,0
DA:353,0
DA:355,0
DA:356,0
DA:357,0
DA:358,0
DA:359,0
DA:361,0
DA:367,0
DA:368,0
DA:371,0
DA:372,0
DA:375,0
DA:376,0
DA:384,0
DA:385,0
DA:388,0
DA:389,0
DA:392,0
DA:393,0
DA:396,0
DA:397,0
DA:401,0
DA:408,0
DA:409,0
DA:412,0
DA:413,0
DA:414,0
DA:416,0
DA:417,0
DA:418,0
DA:419,0
DA:423,0
DA:424,0
DA:427,0
DA:432,0
DA:433,0
DA:440,0
DA:442,0
DA:444,0
DA:450,0
DA:452,0
DA:454,0
DA:455,0
DA:460,0
DA:462,0
DA:464,0
DA:469,0
DA:471,0
DA:472,0
DA:477,0
DA:479,0
DA:481,0
DA:486,0
DA:488,0
DA:489,0
DA:494,0
DA:496,0
DA:498,0
DA:503,0
DA:505,0
DA:506,0
DA:511,0
DA:513,0
DA:515,0
DA:520,0
DA:522,0
DA:523,0
DA:531,0
DA:532,0
DA:533,0
DA:535,0
DA:542,0
DA:544,0
DA:546,0
DA:547,0
DA:549,0
DA:550,0
DA:552,0
DA:553,0
DA:555,0
DA:563,0
DA:564,0
DA:567,0
DA:568,0
DA:580,0
DA:588,0
DA:589,0
DA:591,0
DA:594,0
DA:603,0
DA:606,0
DA:613,0
DA:614,0
DA:616,0
DA:618,0
DA:620,0
DA:622,0
DA:624,0
DA:626,0
DA:635,0
DA:636,0
DA:637,0
DA:646,0
DA:649,0
DA:650,0
DA:651,0
DA:660,0
DA:662,0
DA:663,0
DA:666,0
DA:673,0
DA:681,0
DA:684,0
DA:685,0
DA:693,0
DA:700,0
DA:714,0
DA:715,0
DA:716,0
DA:725,0
DA:732,0
DA:733,0
DA:734,0
DA:736,0
DA:741,0
DA:750,0
DA:751,0
DA:752,0
LF:219
LH:0
BRDA:14,0,0,0
BRDA:21,1,0,0
BRDA:21,1,1,0
BRDA:24,2,0,0
BRDA:24,2,1,0
BRDA:69,3,0,0
BRDA:69,3,1,0
BRDA:186,4,0,0
BRDA:186,4,1,0
BRDA:189,5,0,0
BRDA:189,5,1,0
BRDA:194,6,0,0
BRDA:194,6,1,0
BRDA:214,7,0,0
BRDA:240,8,0,0
BRDA:240,8,1,0
BRDA:245,9,0,0
BRDA:245,9,1,0
BRDA:250,10,0,0
BRDA:250,10,1,0
BRDA:338,11,0,0
BRDA:338,11,1,0
BRDA:350,12,0,0
BRDA:350,12,1,0
BRDA:355,13,0,0
BRDA:355,13,1,0
BRDA:388,14,0,0
BRDA:388,14,1,0
BRDA:388,15,0,0
BRDA:388,15,1,0
BRDA:392,16,0,0
BRDA:392,16,1,0
BRDA:396,17,0,0
BRDA:396,17,1,0
BRDA:396,18,0,0
BRDA:396,18,1,0
BRDA:413,19,0,0
BRDA:413,19,1,0
BRDA:414,20,0,0
BRDA:414,20,1,0
BRDA:418,21,0,0
BRDA:418,21,1,0
BRDA:532,22,0,0
BRDA:532,22,1,0
BRDA:542,23,0,0
BRDA:542,23,1,0
BRDA:544,24,0,0
BRDA:544,24,1,0
BRDA:544,24,2,0
BRDA:544,24,3,0
BRDA:563,25,0,0
BRDA:563,25,1,0
BRDA:588,26,0,0
BRDA:588,26,1,0
BRDA:616,27,0,0
BRDA:616,27,1,0
BRDA:616,27,2,0
BRDA:616,27,3,0
BRDA:616,27,4,0
BRDA:650,28,0,0
BRDA:650,28,1,0
BRDA:662,29,0,0
BRDA:662,29,1,0
BRDA:684,30,0,0
BRDA:684,30,1,0
BRDA:731,31,0,0
BRDA:749,32,0,0
BRF:67
BRH:0
end_of_record
TN:
SF:src/core/EventBus.js
FN:12,(anonymous_0)
FN:28,(anonymous_1)
FN:48,(anonymous_2)
FN:56,(anonymous_3)
FN:63,(anonymous_4)
FN:70,(anonymous_5)
FN:82,(anonymous_6)
FN:95,(anonymous_7)
FN:102,(anonymous_8)
FN:158,(anonymous_9)
FN:159,(anonymous_10)
FN:172,(anonymous_11)
FN:173,(anonymous_12)
FN:174,(anonymous_13)
FN:179,(anonymous_14)
FN:192,(anonymous_15)
FN:204,(anonymous_16)
FN:236,(anonymous_17)
FN:243,(anonymous_18)
FN:247,(anonymous_19)
FN:251,(anonymous_20)
FN:255,(anonymous_21)
FN:268,(anonymous_22)
FN:278,(anonymous_23)
FN:286,(anonymous_24)
FN:299,(anonymous_25)
FN:307,(anonymous_26)
FN:314,(anonymous_27)
FN:327,(anonymous_28)
FN:334,(anonymous_29)
FN:341,(anonymous_30)
FN:348,(anonymous_31)
FN:349,(anonymous_32)
FN:359,(anonymous_33)
FN:360,(anonymous_34)
FN:369,(anonymous_35)
FNF:36
FNH:12
FNDA:261,(anonymous_0)
FNDA:5363,(anonymous_1)
FNDA:3311,(anonymous_2)
FNDA:0,(anonymous_3)
FNDA:384,(anonymous_4)
FNDA:384,(anonymous_5)
FNDA:32,(anonymous_6)
FNDA:144,(anonymous_7)
FNDA:201,(anonymous_8)
FNDA:0,(anonymous_9)
FNDA:0,(anonymous_10)
FNDA:0,(anonymous_11)
FNDA:0,(anonymous_12)
FNDA:0,(anonymous_13)
FNDA:0,(anonymous_14)
FNDA:84,(anonymous_15)
FNDA:84,(anonymous_16)
FNDA:84,(anonymous_17)
FNDA:0,(anonymous_18)
FNDA:0,(anonymous_19)
FNDA:0,(anonymous_20)
FNDA:0,(anonymous_21)
FNDA:0,(anonymous_22)
FNDA:0,(anonymous_23)
FNDA:0,(anonymous_24)
FNDA:0,(anonymous_25)
FNDA:0,(anonymous_26)
FNDA:5596,(anonymous_27)
FNDA:0,(anonymous_28)
FNDA:0,(anonymous_29)
FNDA:0,(anonymous_30)
FNDA:0,(anonymous_31)
FNDA:0,(anonymous_32)
FNDA:0,(anonymous_33)
FNDA:0,(anonymous_34)
FNDA:0,(anonymous_35)
DA:13,261
DA:14,261
DA:15,261
DA:16,261
DA:17,261
DA:29,5363
DA:30,0
DA:33,5363
DA:34,3565
DA:37,5363
DA:45,5363
DA:48,5363
DA:50,5363
DA:57,0
DA:64,384
DA:65,0
DA:68,384
DA:69,384
DA:70,384
DA:73,384
DA:74,0
DA:75,0
DA:83,32
DA:84,0
DA:85,0
DA:87,32
DA:88,32
DA:96,144
DA:103,201
DA:105,201
DA:106,117
DA:107,117
DA:110,84
DA:111,84
DA:119,84
DA:122,84
DA:125,84
DA:127,84
DA:128,84
DA:130,84
DA:132,84
DA:133,0
DA:135,84
DA:139,84
DA:140,0
DA:143,0
DA:148,84
DA:149,0
DA:152,84
DA:159,0
DA:160,0
DA:161,0
DA:162,0
DA:164,0
DA:173,0
DA:174,0
DA:175,0
DA:176,0
DA:179,0
DA:180,0
DA:181,0
DA:182,0
DA:185,0
DA:193,84
DA:196,84
DA:197,0
DA:205,84
DA:207,84
DA:211,84
DA:213,84
DA:217,84
DA:221,67
DA:229,84
DA:230,84
DA:237,84
DA:244,0
DA:246,0
DA:247,0
DA:250,0
DA:251,0
DA:254,0
DA:255,0
DA:258,0
DA:259,0
DA:262,0
DA:269,0
DA:279,0
DA:280,0
DA:287,0
DA:293,0
DA:300,0
DA:301,0
DA:308,0
DA:315,5596
DA:316,0
DA:317,0
DA:319,0
DA:328,0
DA:335,0
DA:342,0
DA:349,0
DA:350,0
DA:351,0
DA:360,0
DA:361,0
DA:362,0
DA:370,0
DA:371,0
DA:372,0
DA:378,0
LF:110
LH:50
BRDA:28,0,0,5363
BRDA:29,1,0,0
BRDA:29,1,1,5363
BRDA:33,2,0,3565
BRDA:33,2,1,1798
BRDA:39,3,0,5363
BRDA:39,3,1,5363
BRDA:40,4,0,5363
BRDA:40,4,1,5363
BRDA:41,5,0,5363
BRDA:41,5,1,5363
BRDA:42,6,0,5363
BRDA:42,6,1,5363
BRDA:56,7,0,0
BRDA:64,8,0,0
BRDA:64,8,1,384
BRDA:73,9,0,0
BRDA:73,9,1,384
BRDA:83,10,0,0
BRDA:83,10,1,32
BRDA:102,11,0,44
BRDA:105,12,0,117
BRDA:105,12,1,84
BRDA:132,13,0,0
BRDA:132,13,1,84
BRDA:139,14,0,0
BRDA:139,14,1,84
BRDA:158,15,0,0
BRDA:172,16,0,0
BRDA:196,17,0,0
BRDA:196,17,1,84
BRDA:217,18,0,67
BRDA:217,18,1,17
BRDA:218,19,0,84
BRDA:218,19,1,19
BRDA:229,20,0,84
BRDA:229,20,1,81
BRDA:243,21,0,0
BRDA:246,22,0,0
BRDA:246,22,1,0
BRDA:250,23,0,0
BRDA:250,23,1,0
BRDA:254,24,0,0
BRDA:254,24,1,0
BRDA:258,25,0,0
BRDA:258,25,1,0
BRDA:314,26,0,5512
BRDA:315,27,0,0
BRDA:315,27,1,5596
BRDA:316,28,0,0
BRDA:316,28,1,0
BRDA:328,29,0,0
BRDA:328,29,1,0
BRDA:342,30,0,0
BRDA:342,30,1,0
BRDA:350,31,0,0
BRDA:350,31,1,0
BRF:57
BRH:29
end_of_record
TN:
SF:src/core/InputManager.js
FN:14,(anonymous_0)
FN:153,(anonymous_1)
FN:170,(anonymous_2)
FN:188,(anonymous_3)
FN:204,(anonymous_4)
FN:253,(anonymous_5)
FN:293,(anonymous_6)
FN:302,(anonymous_7)
FN:312,(anonymous_8)
FN:325,(anonymous_9)
FN:339,(anonymous_10)
FN:357,(anonymous_11)
FN:365,(anonymous_12)
FN:368,(anonymous_13)
FN:378,(anonymous_14)
FN:386,(anonymous_15)
FN:394,(anonymous_16)
FN:423,(anonymous_17)
FN:437,(anonymous_18)
FN:489,(anonymous_19)
FN:545,(anonymous_20)
FN:565,(anonymous_21)
FN:584,(anonymous_22)
FN:590,(anonymous_23)
FN:608,(anonymous_24)
FN:628,(anonymous_25)
FN:641,(anonymous_26)
FN:661,(anonymous_27)
FN:674,(anonymous_28)
FN:675,(anonymous_29)
FN:691,(anonymous_30)
FN:706,(anonymous_31)
FN:721,(anonymous_32)
FN:726,(anonymous_33)
FN:734,(anonymous_34)
FN:754,(anonymous_35)
FN:769,(anonymous_36)
FN:808,(anonymous_37)
FN:841,(anonymous_38)
FN:862,(anonymous_39)
FN:898,(anonymous_40)
FN:934,(anonymous_41)
FN:968,(anonymous_42)
FN:996,(anonymous_43)
FN:1015,(anonymous_44)
FN:1040,(anonymous_45)
FN:1053,(anonymous_46)
FN:1071,(anonymous_47)
FN:1083,(anonymous_48)
FN:1105,(anonymous_49)
FN:1118,(anonymous_50)
FN:1128,(anonymous_51)
FN:1140,(anonymous_52)
FN:1165,(anonymous_53)
FN:1182,(anonymous_54)
FN:1203,(anonymous_55)
FN:1218,(anonymous_56)
FN:1244,(anonymous_57)
FN:1264,(anonymous_58)
FN:1274,(anonymous_59)
FN:1284,(anonymous_60)
FN:1295,(anonymous_61)
FN:1358,(anonymous_62)
FN:1367,(anonymous_63)
FN:1375,(anonymous_64)
FN:1413,(anonymous_65)
FN:1474,(anonymous_66)
FN:1489,(anonymous_67)
FN:1522,(anonymous_68)
FN:1530,(anonymous_69)
FN:1538,(anonymous_70)
FN:1547,(anonymous_71)
FN:1556,(anonymous_72)
FN:1569,(anonymous_73)
FN:1576,(anonymous_74)
FN:1583,(anonymous_75)
FN:1591,(anonymous_76)
FN:1599,(anonymous_77)
FN:1606,(anonymous_78)
FN:1613,(anonymous_79)
FN:1620,(anonymous_80)
FN:1641,(anonymous_81)
FN:1655,(anonymous_82)
FN:1669,(anonymous_83)
FN:1682,(anonymous_84)
FN:1698,(anonymous_85)
FN:1745,(anonymous_86)
FN:1765,(anonymous_87)
FN:1786,(anonymous_88)
FN:1802,(anonymous_89)
FN:1817,(anonymous_90)
FN:1842,(anonymous_91)
FN:1858,(anonymous_92)
FN:1871,(anonymous_93)
FN:1882,(anonymous_94)
FN:1898,(anonymous_95)
FN:1928,(anonymous_96)
FN:1941,(anonymous_97)
FN:1953,(anonymous_98)
FN:1965,(anonymous_99)
FN:1978,(anonymous_100)
FN:1991,(anonymous_101)
FN:2000,(anonymous_102)
FN:2007,(anonymous_103)
FN:2018,(anonymous_104)
FN:2035,(anonymous_105)
FNF:106
FNH:58
FNDA:184,(anonymous_0)
FNDA:1,(anonymous_1)
FNDA:79,(anonymous_2)
FNDA:0,(anonymous_3)
FNDA:182,(anonymous_4)
FNDA:182,(anonymous_5)
FNDA:182,(anonymous_6)
FNDA:79,(anonymous_7)
FNDA:182,(anonymous_8)
FNDA:182,(anonymous_9)
FNDA:182,(anonymous_10)
FNDA:0,(anonymous_11)
FNDA:182,(anonymous_12)
FNDA:0,(anonymous_13)
FNDA:182,(anonymous_14)
FNDA:546,(anonymous_15)
FNDA:182,(anonymous_16)
FNDA:63,(anonymous_17)
FNDA:63,(anonymous_18)
FNDA:0,(anonymous_19)
FNDA:0,(anonymous_20)
FNDA:0,(anonymous_21)
FNDA:0,(anonymous_22)
FNDA:0,(anonymous_23)
FNDA:0,(anonymous_24)
FNDA:0,(anonymous_25)
FNDA:0,(anonymous_26)
FNDA:0,(anonymous_27)
FNDA:63,(anonymous_28)
FNDA:63,(anonymous_29)
FNDA:63,(anonymous_30)
FNDA:63,(anonymous_31)
FNDA:63,(anonymous_32)
FNDA:0,(anonymous_33)
FNDA:0,(anonymous_34)
FNDA:0,(anonymous_35)
FNDA:11,(anonymous_36)
FNDA:1,(anonymous_37)
FNDA:1,(anonymous_38)
FNDA:2,(anonymous_39)
FNDA:1,(anonymous_40)
FNDA:3,(anonymous_41)
FNDA:1,(anonymous_42)
FNDA:0,(anonymous_43)
FNDA:2,(anonymous_44)
FNDA:3,(anonymous_45)
FNDA:1,(anonymous_46)
FNDA:1,(anonymous_47)
FNDA:1,(anonymous_48)
FNDA:1,(anonymous_49)
FNDA:0,(anonymous_50)
FNDA:0,(anonymous_51)
FNDA:1,(anonymous_52)
FNDA:1,(anonymous_53)
FNDA:0,(anonymous_54)
FNDA:0,(anonymous_55)
FNDA:10,(anonymous_56)
FNDA:3,(anonymous_57)
FNDA:2,(anonymous_58)
FNDA:2,(anonymous_59)
FNDA:3,(anonymous_60)
FNDA:2,(anonymous_61)
FNDA:0,(anonymous_62)
FNDA:0,(anonymous_63)
FNDA:15,(anonymous_64)
FNDA:15,(anonymous_65)
FNDA:9,(anonymous_66)
FNDA:1,(anonymous_67)
FNDA:1,(anonymous_68)
FNDA:2,(anonymous_69)
FNDA:1,(anonymous_70)
FNDA:1,(anonymous_71)
FNDA:1,(anonymous_72)
FNDA:1,(anonymous_73)
FNDA:2,(anonymous_74)
FNDA:3,(anonymous_75)
FNDA:3,(anonymous_76)
FNDA:1,(anonymous_77)
FNDA:2,(anonymous_78)
FNDA:1,(anonymous_79)
FNDA:0,(anonymous_80)
FNDA:0,(anonymous_81)
FNDA:0,(anonymous_82)
FNDA:0,(anonymous_83)
FNDA:0,(anonymous_84)
FNDA:0,(anonymous_85)
FNDA:0,(anonymous_86)
FNDA:0,(anonymous_87)
FNDA:0,(anonymous_88)
FNDA:0,(anonymous_89)
FNDA:0,(anonymous_90)
FNDA:0,(anonymous_91)
FNDA:0,(anonymous_92)
FNDA:0,(anonymous_93)
FNDA:0,(anonymous_94)
FNDA:0,(anonymous_95)
FNDA:0,(anonymous_96)
FNDA:0,(anonymous_97)
FNDA:0,(anonymous_98)
FNDA:0,(anonymous_99)
FNDA:0,(anonymous_100)
FNDA:0,(anonymous_101)
FNDA:0,(anonymous_102)
FNDA:0,(anonymous_103)
FNDA:0,(anonymous_104)
FNDA:0,(anonymous_105)
DA:16,184
DA:17,184
DA:18,184
DA:21,184
DA:22,1
DA:24,183
DA:25,1
DA:29,182
DA:30,182
DA:36,182
DA:47,182
DA:59,182
DA:65,182
DA:66,182
DA:67,182
DA:68,182
DA:71,182
DA:81,182
DA:137,182
DA:138,182
DA:139,182
DA:142,182
DA:143,182
DA:144,182
DA:145,182
DA:147,182
DA:154,1
DA:157,1
DA:158,1
DA:162,0
DA:164,0
DA:171,79
DA:174,79
DA:177,79
DA:178,79
DA:179,79
DA:180,79
DA:182,79
DA:189,0
DA:192,0
DA:195,0
DA:198,0
DA:206,182
DA:207,182
DA:208,182
DA:209,182
DA:210,182
DA:211,182
DA:212,182
DA:213,182
DA:214,182
DA:215,182
DA:216,182
DA:217,182
DA:218,182
DA:219,182
DA:220,182
DA:223,182
DA:224,182
DA:225,182
DA:226,182
DA:227,182
DA:230,182
DA:231,182
DA:232,182
DA:233,182
DA:234,182
DA:235,182
DA:236,182
DA:237,182
DA:238,182
DA:239,182
DA:242,182
DA:243,182
DA:244,182
DA:245,182
DA:246,182
DA:247,182
DA:255,182
DA:256,182
DA:257,182
DA:260,182
DA:261,182
DA:262,182
DA:263,182
DA:264,182
DA:267,182
DA:268,182
DA:269,182
DA:270,182
DA:273,182
DA:277,182
DA:283,182
DA:284,182
DA:287,182
DA:294,182
DA:295,2912
DA:303,79
DA:304,1232
DA:306,79
DA:314,182
DA:315,182
DA:319,182
DA:327,182
DA:330,182
DA:333,182
DA:340,182
DA:342,182
DA:356,182
DA:357,182
DA:358,0
DA:366,182
DA:369,0
DA:370,0
DA:371,0
DA:380,182
DA:386,182
DA:387,546
DA:395,182
DA:396,0
DA:400,182
DA:401,119
DA:402,119
DA:406,63
DA:409,63
DA:412,63
DA:415,63
DA:417,63
DA:424,63
DA:425,63
DA:427,63
DA:429,63
DA:430,63
DA:438,63
DA:441,63
DA:442,63
DA:443,63
DA:444,63
DA:456,63
DA:457,63
DA:458,63
DA:462,0
DA:463,0
DA:467,0
DA:468,0
DA:472,0
DA:473,0
DA:477,0
DA:478,0
DA:481,0
DA:482,0
DA:490,0
DA:491,0
DA:492,0
DA:501,0
DA:502,0
DA:503,0
DA:512,0
DA:513,0
DA:514,0
DA:526,0
DA:527,0
DA:528,0
DA:529,0
DA:533,0
DA:534,0
DA:535,0
DA:536,0
DA:546,0
DA:547,0
DA:548,0
DA:558,0
DA:565,0
DA:566,0
DA:567,0
DA:568,0
DA:569,0
DA:584,0
DA:585,0
DA:586,0
DA:587,0
DA:590,0
DA:591,0
DA:592,0
DA:593,0
DA:596,0
DA:597,0
DA:600,0
DA:601,0
DA:609,0
DA:610,0
DA:611,0
DA:612,0
DA:628,0
DA:629,0
DA:630,0
DA:633,0
DA:634,0
DA:642,0
DA:643,0
DA:644,0
DA:645,0
DA:661,0
DA:662,0
DA:663,0
DA:666,0
DA:667,0
DA:675,63
DA:676,63
DA:677,63
DA:680,63
DA:683,63
DA:684,63
DA:685,63
DA:692,63
DA:694,0
DA:696,0
DA:699,0
DA:707,63
DA:710,0
DA:715,63
DA:722,63
DA:723,63
DA:724,63
DA:726,63
DA:727,0
DA:728,0
DA:729,0
DA:730,0
DA:734,63
DA:735,0
DA:736,0
DA:737,0
DA:739,0
DA:740,0
DA:744,0
DA:745,0
DA:746,0
DA:748,0
DA:749,0
DA:754,63
DA:755,0
DA:757,0
DA:761,63
DA:762,63
DA:763,63
DA:770,11
DA:772,10
DA:773,10
DA:776,10
DA:783,10
DA:784,10
DA:788,10
DA:802,10
DA:809,1
DA:811,1
DA:812,1
DA:815,1
DA:822,1
DA:835,1
DA:842,1
DA:844,1
DA:845,1
DA:848,1
DA:863,2
DA:865,2
DA:866,2
DA:869,2
DA:875,2
DA:876,2
DA:879,2
DA:892,2
DA:899,1
DA:901,1
DA:902,1
DA:905,1
DA:911,1
DA:912,1
DA:915,1
DA:928,1
DA:935,3
DA:938,3
DA:939,3
DA:941,3
DA:942,3
DA:945,3
DA:946,3
DA:947,3
DA:952,3
DA:969,1
DA:971,1
DA:972,1
DA:974,1
DA:977,1
DA:990,1
DA:997,0
DA:1000,0
DA:1001,0
DA:1005,0
DA:1016,2
DA:1019,2
DA:1022,2
DA:1023,3
DA:1033,3
DA:1034,0
DA:1039,2
DA:1040,3
DA:1054,1
DA:1057,1
DA:1060,1
DA:1062,1
DA:1063,0
DA:1066,1
DA:1070,1
DA:1071,1
DA:1084,1
DA:1087,1
DA:1090,1
DA:1091,1
DA:1092,1
DA:1093,1
DA:1094,1
DA:1097,1
DA:1098,0
DA:1104,1
DA:1105,1
DA:1119,0
DA:1122,0
DA:1123,0
DA:1127,0
DA:1128,0
DA:1141,1
DA:1143,1
DA:1144,1
DA:1152,1
DA:1155,1
DA:1166,1
DA:1167,1
DA:1169,1
DA:1172,1
DA:1183,0
DA:1185,0
DA:1186,0
DA:1188,0
DA:1189,0
DA:1193,0
DA:1204,0
DA:1206,0
DA:1209,0
DA:1219,10
DA:1221,10
DA:1223,1
DA:1224,1
DA:1227,2
DA:1228,2
DA:1230,1
DA:1231,1
DA:1236,2
DA:1237,2
DA:1245,3
DA:1247,2
DA:1249,2
DA:1254,2
DA:1255,2
DA:1256,2
DA:1257,2
DA:1265,2
DA:1266,2
DA:1267,2
DA:1276,2
DA:1286,3
DA:1296,2
DA:1298,2
DA:1300,2
DA:1301,2
DA:1302,2
DA:1304,2
DA:1305,2
DA:1308,2
DA:1309,2
DA:1310,2
DA:1311,2
DA:1313,2
DA:1314,1
DA:1321,1
DA:1332,2
DA:1333,4
DA:1334,4
DA:1337,4
DA:1338,4
DA:1340,4
DA:1341,3
DA:1344,3
DA:1360,0
DA:1361,0
DA:1378,15
DA:1380,11
DA:1381,11
DA:1383,4
DA:1384,4
DA:1386,0
DA:1387,0
DA:1389,0
DA:1390,0
DA:1392,0
DA:1396,15
DA:1397,169
DA:1398,19
DA:1414,15
DA:1468,15
DA:1475,9
DA:1483,9
DA:1490,1
DA:1492,1
DA:1523,1
DA:1524,1
DA:1531,2
DA:1532,2
DA:1539,1
DA:1540,1
DA:1541,1
DA:1548,1
DA:1549,1
DA:1550,1
DA:1557,1
DA:1570,1
DA:1577,2
DA:1584,3
DA:1585,3
DA:1592,3
DA:1593,3
DA:1600,1
DA:1607,2
DA:1614,1
DA:1622,0
DA:1623,0
DA:1624,0
DA:1628,0
DA:1629,0
DA:1630,0
DA:1631,0
DA:1635,0
DA:1643,0
DA:1645,0
DA:1649,0
DA:1657,0
DA:1659,0
DA:1663,0
DA:1670,0
DA:1672,0
DA:1673,0
DA:1683,0
DA:1684,0
DA:1686,0
DA:1687,0
DA:1692,0
DA:1699,0
DA:1701,0
DA:1702,0
DA:1703,0
DA:1704,0
DA:1705,0
DA:1708,0
DA:1709,0
DA:1711,0
DA:1712,0
DA:1715,0
DA:1716,0
DA:1721,0
DA:1722,0
DA:1725,0
DA:1726,0
DA:1727,0
DA:1730,0
DA:1739,0
DA:1746,0
DA:1747,0
DA:1750,0
DA:1751,0
DA:1755,0
DA:1759,0
DA:1766,0
DA:1769,0
DA:1770,0
DA:1771,0
DA:1772,0
DA:1776,0
DA:1777,0
DA:1778,0
DA:1779,0
DA:1787,0
DA:1788,0
DA:1789,0
DA:1793,0
DA:1796,0
DA:1803,0
DA:1811,0
DA:1819,0
DA:1820,0
DA:1824,0
DA:1832,0
DA:1833,0
DA:1836,0
DA:1843,0
DA:1846,0
DA:1847,0
DA:1848,0
DA:1850,0
DA:1851,0
DA:1852,0
DA:1857,0
DA:1858,0
DA:1859,0
DA:1864,0
DA:1865,0
DA:1873,0
DA:1874,0
DA:1875,0
DA:1884,0
DA:1885,0
DA:1886,0
DA:1890,0
DA:1891,0
DA:1899,0
DA:1900,0
DA:1901,0
DA:1903,0
DA:1904,0
DA:1907,0
DA:1908,0
DA:1910,0
DA:1911,0
DA:1912,0
DA:1913,0
DA:1914,0
DA:1915,0
DA:1916,0
DA:1917,0
DA:1920,0
DA:1921,0
DA:1929,0
DA:1935,0
DA:1942,0
DA:1947,0
DA:1954,0
DA:1959,0
DA:1966,0
DA:1972,0
DA:1979,0
DA:1985,0
DA:1992,0
DA:1993,0
DA:1994,0
DA:2001,0
DA:2008,0
DA:2010,0
DA:2011,0
DA:2019,0
DA:2020,0
DA:2021,0
DA:2024,0
DA:2025,0
DA:2026,0
DA:2029,0
DA:2036,0
LF:565
LH:309
BRDA:14,0,0,0
BRDA:21,1,0,1
BRDA:21,1,1,183
BRDA:24,2,0,1
BRDA:24,2,1,182
BRDA:157,3,0,1
BRDA:157,3,1,0
BRDA:189,4,0,0
BRDA:189,4,1,0
BRDA:314,5,0,182
BRDA:314,5,1,0
BRDA:369,6,0,0
BRDA:369,6,1,0
BRDA:370,7,0,0
BRDA:370,7,1,0
BRDA:395,8,0,0
BRDA:395,8,1,182
BRDA:395,9,0,182
BRDA:395,9,1,182
BRDA:400,10,0,119
BRDA:400,10,1,63
BRDA:400,11,0,182
BRDA:400,11,1,182
BRDA:400,11,2,182
BRDA:425,12,0,63
BRDA:425,12,1,0
BRDA:427,13,0,63
BRDA:427,13,1,0
BRDA:429,14,0,63
BRDA:429,14,1,0
BRDA:438,15,0,0
BRDA:438,15,1,63
BRDA:452,16,0,63
BRDA:452,16,1,0
BRDA:456,17,0,63
BRDA:456,17,1,0
BRDA:462,18,0,0
BRDA:462,18,1,0
BRDA:467,19,0,0
BRDA:467,19,1,0
BRDA:472,20,0,0
BRDA:472,20,1,0
BRDA:477,21,0,0
BRDA:477,21,1,0
BRDA:481,22,0,0
BRDA:481,22,1,0
BRDA:528,23,0,0
BRDA:528,23,1,0
BRDA:568,24,0,0
BRDA:568,24,1,0
BRDA:600,25,0,0
BRDA:600,25,1,0
BRDA:633,26,0,0
BRDA:633,26,1,0
BRDA:666,27,0,0
BRDA:666,27,1,0
BRDA:677,28,0,63
BRDA:677,28,1,0
BRDA:692,29,0,63
BRDA:692,29,1,0
BRDA:694,30,0,0
BRDA:694,30,1,0
BRDA:707,31,0,0
BRDA:707,31,1,63
BRDA:707,32,0,63
BRDA:707,32,1,0
BRDA:707,32,2,0
BRDA:728,33,0,0
BRDA:728,33,1,0
BRDA:735,34,0,0
BRDA:735,34,1,0
BRDA:735,35,0,0
BRDA:735,35,1,0
BRDA:739,36,0,0
BRDA:739,36,1,0
BRDA:744,37,0,0
BRDA:744,37,1,0
BRDA:744,38,0,0
BRDA:744,38,1,0
BRDA:748,39,0,0
BRDA:748,39,1,0
BRDA:755,40,0,0
BRDA:755,40,1,0
BRDA:755,41,0,0
BRDA:755,41,1,0
BRDA:770,42,0,1
BRDA:770,42,1,10
BRDA:783,43,0,10
BRDA:783,43,1,0
BRDA:809,44,0,0
BRDA:809,44,1,1
BRDA:842,45,0,0
BRDA:842,45,1,1
BRDA:863,46,0,0
BRDA:863,46,1,2
BRDA:899,47,0,0
BRDA:899,47,1,1
BRDA:935,48,0,0
BRDA:935,48,1,3
BRDA:947,49,0,1
BRDA:947,49,1,2
BRDA:969,50,0,0
BRDA:969,50,1,1
BRDA:972,51,0,1
BRDA:972,51,1,0
BRDA:997,52,0,0
BRDA:997,52,1,0
BRDA:1000,53,0,0
BRDA:1000,53,1,0
BRDA:1016,54,0,0
BRDA:1016,54,1,2
BRDA:1016,55,0,2
BRDA:1016,55,1,2
BRDA:1029,56,0,3
BRDA:1029,56,1,0
BRDA:1033,57,0,0
BRDA:1033,57,1,3
BRDA:1044,58,0,3
BRDA:1044,58,1,0
BRDA:1054,59,0,0
BRDA:1054,59,1,1
BRDA:1054,60,0,1
BRDA:1054,60,1,1
BRDA:1062,61,0,0
BRDA:1062,61,1,1
BRDA:1084,62,0,0
BRDA:1084,62,1,1
BRDA:1084,63,0,1
BRDA:1084,63,1,1
BRDA:1091,64,0,1
BRDA:1091,64,1,0
BRDA:1097,65,0,0
BRDA:1097,65,1,1
BRDA:1109,66,0,1
BRDA:1109,66,1,0
BRDA:1119,67,0,0
BRDA:1119,67,1,0
BRDA:1119,68,0,0
BRDA:1119,68,1,0
BRDA:1141,69,0,0
BRDA:1141,69,1,1
BRDA:1183,70,0,0
BRDA:1183,70,1,0
BRDA:1188,71,0,0
BRDA:1188,71,1,0
BRDA:1204,72,0,0
BRDA:1204,72,1,0
BRDA:1221,73,0,1
BRDA:1221,73,1,1
BRDA:1221,73,2,2
BRDA:1221,73,3,1
BRDA:1221,73,4,1
BRDA:1221,73,5,2
BRDA:1221,73,6,2
BRDA:1221,73,7,2
BRDA:1245,74,0,1
BRDA:1245,74,1,2
BRDA:1247,75,0,1
BRDA:1247,75,1,1
BRDA:1255,76,0,2
BRDA:1255,76,1,0
BRDA:1266,77,0,2
BRDA:1266,77,1,0
BRDA:1266,78,0,2
BRDA:1266,78,1,2
BRDA:1296,79,0,0
BRDA:1296,79,1,2
BRDA:1302,80,0,0
BRDA:1302,80,1,2
BRDA:1305,81,0,0
BRDA:1305,81,1,2
BRDA:1310,82,0,2
BRDA:1310,82,1,2
BRDA:1313,83,0,1
BRDA:1313,83,1,1
BRDA:1334,84,0,4
BRDA:1334,84,1,4
BRDA:1338,85,0,1
BRDA:1338,85,1,3
BRDA:1340,86,0,3
BRDA:1340,86,1,1
BRDA:1378,87,0,11
BRDA:1378,87,1,4
BRDA:1378,87,2,0
BRDA:1378,87,3,0
BRDA:1378,87,4,0
BRDA:1397,88,0,19
BRDA:1397,88,1,146
BRDA:1468,89,0,15
BRDA:1468,89,1,1
BRDA:1483,90,0,9
BRDA:1483,90,1,1
BRDA:1490,91,0,0
BRDA:1490,91,1,1
BRDA:1495,92,0,1
BRDA:1495,92,1,0
BRDA:1498,93,0,0
BRDA:1498,93,1,0
BRDA:1501,94,0,0
BRDA:1501,94,1,0
BRDA:1504,95,0,0
BRDA:1504,95,1,0
BRDA:1507,96,0,0
BRDA:1507,96,1,0
BRDA:1510,97,0,0
BRDA:1510,97,1,0
BRDA:1513,98,0,0
BRDA:1513,98,1,0
BRDA:1515,99,0,0
BRDA:1515,99,1,0
BRDA:1577,100,0,2
BRDA:1577,100,1,1
BRDA:1585,101,0,2
BRDA:1585,101,1,1
BRDA:1593,102,0,2
BRDA:1593,102,1,1
BRDA:1622,103,0,0
BRDA:1622,103,1,0
BRDA:1629,104,0,0
BRDA:1629,104,1,0
BRDA:1643,105,0,0
BRDA:1643,105,1,0
BRDA:1643,106,0,0
BRDA:1643,106,1,0
BRDA:1657,107,0,0
BRDA:1657,107,1,0
BRDA:1657,108,0,0
BRDA:1657,108,1,0
BRDA:1670,109,0,0
BRDA:1670,109,1,0
BRDA:1673,110,0,0
BRDA:1673,110,1,0
BRDA:1673,110,2,0
BRDA:1673,110,3,0
BRDA:1699,111,0,0
BRDA:1699,111,1,0
BRDA:1715,112,0,0
BRDA:1715,112,1,0
BRDA:1726,113,0,0
BRDA:1726,113,1,0
BRDA:1727,114,0,0
BRDA:1727,114,1,0
BRDA:1750,115,0,0
BRDA:1750,115,1,0
BRDA:1769,116,0,0
BRDA:1769,116,1,0
BRDA:1771,117,0,0
BRDA:1771,117,1,0
BRDA:1776,118,0,0
BRDA:1776,118,1,0
BRDA:1778,119,0,0
BRDA:1778,119,1,0
BRDA:1789,120,0,0
BRDA:1789,120,1,0
BRDA:1789,121,0,0
BRDA:1789,121,1,0
BRDA:1789,121,2,0
BRDA:1789,121,3,0
BRDA:1811,122,0,0
BRDA:1811,122,1,0
BRDA:1819,123,0,0
BRDA:1819,123,1,0
BRDA:1819,124,0,0
BRDA:1819,124,1,0
BRDA:1832,125,0,0
BRDA:1832,125,1,0
BRDA:1846,126,0,0
BRDA:1846,126,1,0
BRDA:1850,127,0,0
BRDA:1850,127,1,0
BRDA:1850,128,0,0
BRDA:1850,128,1,0
BRDA:1857,129,0,0
BRDA:1857,129,1,0
BRDA:1873,130,0,0
BRDA:1873,130,1,0
BRDA:1884,131,0,0
BRDA:1884,131,1,0
BRDA:1890,132,0,0
BRDA:1890,132,1,0
BRDA:1903,133,0,0
BRDA:1903,133,1,0
BRDA:1910,134,0,0
BRDA:1910,134,1,0
BRDA:1910,135,0,0
BRDA:1910,135,1,0
BRDA:1912,136,0,0
BRDA:1912,136,1,0
BRDA:1912,137,0,0
BRDA:1912,137,1,0
BRDA:1914,138,0,0
BRDA:1914,138,1,0
BRDA:1914,139,0,0
BRDA:1914,139,1,0
BRDA:1916,140,0,0
BRDA:1916,140,1,0
BRDA:1916,141,0,0
BRDA:1916,141,1,0
BRDA:1920,142,0,0
BRDA:1920,142,1,0
BRDA:2010,143,0,0
BRDA:2010,143,1,0
BRDA:2011,144,0,0
BRDA:2011,144,1,0
BRDA:2024,145,0,0
BRDA:2024,145,1,0
BRF:306
BRH:98
end_of_record
TN:
SF:src/core/PerformanceMonitor.js
FN:16,(anonymous_0)
FN:135,(anonymous_1)
FN:149,(anonymous_2)
FN:164,(anonymous_3)
FN:199,(anonymous_4)
FN:218,(anonymous_5)
FN:222,(anonymous_6)
FN:242,(anonymous_7)
FN:248,(anonymous_8)
FN:267,(anonymous_9)
FN:269,(anonymous_10)
FN:285,(anonymous_11)
FN:288,(anonymous_12)
FN:304,(anonymous_13)
FN:308,(anonymous_14)
FN:331,(anonymous_15)
FN:332,(anonymous_16)
FN:348,(anonymous_17)
FN:379,(anonymous_18)
FN:390,(anonymous_19)
FN:402,(anonymous_20)
FN:410,(anonymous_21)
FN:420,(anonymous_22)
FN:441,(anonymous_23)
FN:464,(anonymous_24)
FN:474,(anonymous_25)
FN:486,(anonymous_26)
FN:503,(anonymous_27)
FN:515,(anonymous_28)
FN:536,(anonymous_29)
FN:550,(anonymous_30)
FN:564,(anonymous_31)
FN:576,(anonymous_32)
FN:582,(anonymous_33)
FN:598,(anonymous_34)
FN:615,(anonymous_35)
FN:645,(anonymous_36)
FN:663,(anonymous_37)
FN:675,(anonymous_38)
FN:708,(anonymous_39)
FN:715,(anonymous_40)
FN:722,(anonymous_41)
FN:729,(anonymous_42)
FN:736,(anonymous_43)
FN:743,(anonymous_44)
FN:750,(anonymous_45)
FN:757,(anonymous_46)
FN:764,(anonymous_47)
FN:771,(anonymous_48)
FN:778,(anonymous_49)
FN:785,(anonymous_50)
FN:792,(anonymous_51)
FN:799,(anonymous_52)
FN:806,(anonymous_53)
FN:813,(anonymous_54)
FNF:55
FNH:20
FNDA:137,(anonymous_0)
FNDA:1,(anonymous_1)
FNDA:33,(anonymous_2)
FNDA:137,(anonymous_3)
FNDA:137,(anonymous_4)
FNDA:137,(anonymous_5)
FNDA:0,(anonymous_6)
FNDA:137,(anonymous_7)
FNDA:0,(anonymous_8)
FNDA:137,(anonymous_9)
FNDA:1,(anonymous_10)
FNDA:137,(anonymous_11)
FNDA:0,(anonymous_12)
FNDA:137,(anonymous_13)
FNDA:0,(anonymous_14)
FNDA:137,(anonymous_15)
FNDA:1,(anonymous_16)
FNDA:1,(anonymous_17)
FNDA:66,(anonymous_18)
FNDA:33,(anonymous_19)
FNDA:0,(anonymous_20)
FNDA:0,(anonymous_21)
FNDA:0,(anonymous_22)
FNDA:0,(anonymous_23)
FNDA:0,(anonymous_24)
FNDA:0,(anonymous_25)
FNDA:0,(anonymous_26)
FNDA:1,(anonymous_27)
FNDA:0,(anonymous_28)
FNDA:0,(anonymous_29)
FNDA:0,(anonymous_30)
FNDA:0,(anonymous_31)
FNDA:0,(anonymous_32)
FNDA:0,(anonymous_33)
FNDA:1,(anonymous_34)
FNDA:1,(anonymous_35)
FNDA:0,(anonymous_36)
FNDA:0,(anonymous_37)
FNDA:0,(anonymous_38)
FNDA:0,(anonymous_39)
FNDA:0,(anonymous_40)
FNDA:0,(anonymous_41)
FNDA:33,(anonymous_42)
FNDA:0,(anonymous_43)
FNDA:0,(anonymous_44)
FNDA:0,(anonymous_45)
FNDA:0,(anonymous_46)
FNDA:0,(anonymous_47)
FNDA:0,(anonymous_48)
FNDA:0,(anonymous_49)
FNDA:0,(anonymous_50)
FNDA:0,(anonymous_51)
FNDA:0,(anonymous_52)
FNDA:0,(anonymous_53)
FNDA:0,(anonymous_54)
DA:18,137
DA:19,137
DA:20,137
DA:23,137
DA:24,0
DA:26,137
DA:27,0
DA:31,137
DA:52,137
DA:108,137
DA:109,137
DA:110,137
DA:111,137
DA:112,137
DA:113,137
DA:116,137
DA:126,137
DA:127,137
DA:129,137
DA:136,1
DA:139,1
DA:140,1
DA:143,1
DA:150,33
DA:153,33
DA:156,33
DA:158,33
DA:166,137
DA:167,137
DA:171,137
DA:172,137
DA:176,137
DA:177,137
DA:181,137
DA:182,137
DA:186,137
DA:187,137
DA:191,137
DA:192,137
DA:201,137
DA:202,137
DA:203,137
DA:204,137
DA:207,137
DA:208,137
DA:209,137
DA:210,137
DA:211,137
DA:212,137
DA:219,137
DA:220,137
DA:222,137
DA:223,0
DA:225,0
DA:226,0
DA:229,0
DA:230,0
DA:233,0
DA:236,137
DA:243,137
DA:244,109
DA:245,109
DA:248,28
DA:249,0
DA:251,0
DA:252,0
DA:255,0
DA:258,0
DA:261,28
DA:269,137
DA:270,1
DA:273,1
DA:276,1
DA:279,137
DA:288,137
DA:289,0
DA:292,0
DA:295,0
DA:298,137
DA:305,137
DA:306,137
DA:308,137
DA:309,0
DA:311,0
DA:312,0
DA:314,0
DA:315,0
DA:317,0
DA:321,137
DA:322,137
DA:323,137
DA:325,137
DA:332,137
DA:333,1
DA:336,1
DA:339,1
DA:342,137
DA:349,1
DA:351,1
DA:352,1
DA:355,1
DA:356,1
DA:360,1
DA:361,0
DA:363,1
DA:364,1
DA:366,1
DA:367,1
DA:369,1
DA:370,1
DA:373,1
DA:380,66
DA:382,1
DA:384,1
DA:392,33
DA:393,33
DA:394,33
DA:395,33
DA:403,0
DA:404,0
DA:405,0
DA:406,0
DA:409,0
DA:410,0
DA:414,0
DA:415,0
DA:416,0
DA:417,0
DA:419,0
DA:420,0
DA:424,0
DA:425,0
DA:429,0
DA:430,0
DA:431,0
DA:435,0
DA:442,0
DA:443,0
DA:444,0
DA:446,0
DA:453,0
DA:454,0
DA:458,0
DA:465,0
DA:468,0
DA:477,0
DA:478,0
DA:479,0
DA:480,0
DA:487,0
DA:488,0
DA:491,0
DA:492,0
DA:497,0
DA:506,1
DA:507,1
DA:508,1
DA:509,1
DA:516,0
DA:517,0
DA:519,0
DA:520,0
DA:521,0
DA:522,0
DA:523,0
DA:526,0
DA:527,0
DA:528,0
DA:529,0
DA:537,0
DA:539,0
DA:540,0
DA:541,0
DA:542,0
DA:543,0
DA:551,0
DA:552,0
DA:553,0
DA:556,0
DA:557,0
DA:565,0
DA:567,0
DA:568,0
DA:569,0
DA:577,0
DA:578,0
DA:581,0
DA:582,0
DA:583,0
DA:584,0
DA:587,0
DA:588,0
DA:589,0
DA:590,0
DA:591,0
DA:601,1
DA:603,1
DA:604,1
DA:605,1
DA:606,1
DA:608,1
DA:616,1
DA:623,1
DA:626,1
DA:629,1
DA:631,0
DA:632,0
DA:634,0
DA:635,0
DA:637,1
DA:638,1
DA:646,0
DA:652,0
DA:655,0
DA:657,0
DA:664,0
DA:676,0
DA:679,0
DA:680,0
DA:681,0
DA:682,0
DA:683,0
DA:687,0
DA:688,0
DA:689,0
DA:690,0
DA:691,0
DA:695,0
DA:696,0
DA:697,0
DA:698,0
DA:699,0
DA:702,0
DA:709,0
DA:730,33
DA:744,0
DA:751,0
DA:758,0
DA:765,0
DA:772,0
DA:779,0
DA:786,0
DA:793,0
DA:800,0
DA:807,0
DA:814,0
LF:246
LH:112
BRDA:16,0,0,0
BRDA:23,1,0,0
BRDA:23,1,1,137
BRDA:26,2,0,0
BRDA:26,2,1,137
BRDA:139,3,0,1
BRDA:139,3,1,0
BRDA:139,4,0,1
BRDA:139,4,1,0
BRDA:166,5,0,137
BRDA:166,5,1,0
BRDA:171,6,0,137
BRDA:171,6,1,0
BRDA:176,7,0,137
BRDA:176,7,1,0
BRDA:181,8,0,137
BRDA:181,8,1,0
BRDA:186,9,0,137
BRDA:186,9,1,0
BRDA:191,10,0,137
BRDA:191,10,1,0
BRDA:223,11,0,0
BRDA:223,11,1,0
BRDA:243,12,0,109
BRDA:243,12,1,28
BRDA:249,13,0,0
BRDA:249,13,1,0
BRDA:270,14,0,0
BRDA:270,14,1,1
BRDA:289,15,0,0
BRDA:289,15,1,0
BRDA:309,16,0,0
BRDA:309,16,1,0
BRDA:333,17,0,0
BRDA:333,17,1,1
BRDA:349,18,0,0
BRDA:349,18,1,1
BRDA:355,19,0,1
BRDA:355,19,1,0
BRDA:360,20,0,0
BRDA:360,20,1,1
BRDA:363,21,0,1
BRDA:363,21,1,0
BRDA:366,22,0,1
BRDA:366,22,1,0
BRDA:369,23,0,1
BRDA:369,23,1,0
BRDA:380,24,0,65
BRDA:380,24,1,1
BRDA:392,25,0,33
BRDA:392,25,1,0
BRDA:409,26,0,0
BRDA:409,26,1,0
BRDA:419,27,0,0
BRDA:419,27,1,0
BRDA:424,28,0,0
BRDA:424,28,1,0
BRDA:429,29,0,0
BRDA:429,29,1,0
BRDA:453,30,0,0
BRDA:453,30,1,0
BRDA:491,31,0,0
BRDA:491,31,1,0
BRDA:519,32,0,0
BRDA:519,32,1,0
BRDA:522,33,0,0
BRDA:522,33,1,0
BRDA:526,34,0,0
BRDA:526,34,1,0
BRDA:528,35,0,0
BRDA:528,35,1,0
BRDA:539,36,0,0
BRDA:539,36,1,0
BRDA:542,37,0,0
BRDA:542,37,1,0
BRDA:551,38,0,0
BRDA:551,38,1,0
BRDA:556,39,0,0
BRDA:556,39,1,0
BRDA:567,40,0,0
BRDA:567,40,1,0
BRDA:578,41,0,0
BRDA:578,41,1,0
BRDA:583,42,0,0
BRDA:583,42,1,0
BRDA:587,43,0,0
BRDA:587,43,1,0
BRDA:603,44,0,1
BRDA:603,44,1,0
BRDA:604,45,0,1
BRDA:604,45,1,0
BRDA:604,46,0,1
BRDA:604,46,1,1
BRDA:629,47,0,0
BRDA:629,47,1,0
BRDA:629,47,2,1
BRDA:680,48,0,0
BRDA:680,48,1,0
BRDA:682,49,0,0
BRDA:682,49,1,0
BRDA:688,50,0,0
BRDA:688,50,1,0
BRDA:690,51,0,0
BRDA:690,51,1,0
BRDA:696,52,0,0
BRDA:696,52,1,0
BRDA:698,53,0,0
BRDA:698,53,1,0
BRF:108
BRH:28
end_of_record
TN:
SF:src/core/PersistenceManager.js
FN:14,(anonymous_0)
FN:67,(anonymous_1)
FN:84,(anonymous_2)
FN:101,(anonymous_3)
FN:117,(anonymous_4)
FN:191,(anonymous_5)
FN:194,(anonymous_6)
FN:198,(anonymous_7)
FN:210,(anonymous_8)
FN:213,(anonymous_9)
FN:225,(anonymous_10)
FN:254,(anonymous_11)
FN:255,(anonymous_12)
FN:267,(anonymous_13)
FN:339,(anonymous_14)
FN:398,(anonymous_15)
FN:424,(anonymous_16)
FN:434,(anonymous_17)
FN:445,(anonymous_18)
FN:464,(anonymous_19)
FN:485,(anonymous_20)
FN:506,(anonymous_21)
FN:535,(anonymous_22)
FN:542,(anonymous_23)
FN:557,(anonymous_24)
FN:564,(anonymous_25)
FN:639,(anonymous_26)
FN:675,(anonymous_27)
FN:676,(anonymous_28)
FN:691,(anonymous_29)
FN:700,(anonymous_30)
FN:708,(anonymous_31)
FN:719,(anonymous_32)
FN:720,(anonymous_33)
FN:737,(anonymous_34)
FN:738,(anonymous_35)
FN:750,(anonymous_36)
FN:752,(anonymous_37)
FN:768,(anonymous_38)
FNF:39
FNH:0
FNDA:0,(anonymous_0)
FNDA:0,(anonymous_1)
FNDA:0,(anonymous_2)
FNDA:0,(anonymous_3)
FNDA:0,(anonymous_4)
FNDA:0,(anonymous_5)
FNDA:0,(anonymous_6)
FNDA:0,(anonymous_7)
FNDA:0,(anonymous_8)
FNDA:0,(anonymous_9)
FNDA:0,(anonymous_10)
FNDA:0,(anonymous_11)
FNDA:0,(anonymous_12)
FNDA:0,(anonymous_13)
FNDA:0,(anonymous_14)
FNDA:0,(anonymous_15)
FNDA:0,(anonymous_16)
FNDA:0,(anonymous_17)
FNDA:0,(anonymous_18)
FNDA:0,(anonymous_19)
FNDA:0,(anonymous_20)
FNDA:0,(anonymous_21)
FNDA:0,(anonymous_22)
FNDA:0,(anonymous_23)
FNDA:0,(anonymous_24)
FNDA:0,(anonymous_25)
FNDA:0,(anonymous_26)
FNDA:0,(anonymous_27)
FNDA:0,(anonymous_28)
FNDA:0,(anonymous_29)
FNDA:0,(anonymous_30)
FNDA:0,(anonymous_31)
FNDA:0,(anonymous_32)
FNDA:0,(anonymous_33)
FNDA:0,(anonymous_34)
FNDA:0,(anonymous_35)
FNDA:0,(anonymous_36)
FNDA:0,(anonymous_37)
FNDA:0,(anonymous_38)
DA:16,0
DA:17,0
DA:18,0
DA:21,0
DA:22,0
DA:24,0
DA:25,0
DA:29,0
DA:41,0
DA:42,0
DA:45,0
DA:53,0
DA:54,0
DA:57,0
DA:58,0
DA:59,0
DA:61,0
DA:68,0
DA:71,0
DA:74,0
DA:75,0
DA:78,0
DA:85,0
DA:88,0
DA:91,0
DA:92,0
DA:95,0
DA:102,0
DA:104,0
DA:105,0
DA:106,0
DA:107,0
DA:109,0
DA:110,0
DA:119,0
DA:136,0
DA:154,0
DA:165,0
DA:176,0
DA:193,0
DA:196,0
DA:200,0
DA:209,0
DA:211,0
DA:214,0
DA:226,0
DA:227,0
DA:228,0
DA:231,0
DA:233,0
DA:234,0
DA:235,0
DA:236,0
DA:237,0
DA:240,0
DA:247,0
DA:255,0
DA:256,0
DA:259,0
DA:268,0
DA:269,0
DA:270,0
DA:273,0
DA:275,0
DA:276,0
DA:277,0
DA:278,0
DA:279,0
DA:280,0
DA:282,0
DA:286,0
DA:295,0
DA:296,0
DA:300,0
DA:304,0
DA:305,0
DA:310,0
DA:314,0
DA:315,0
DA:318,0
DA:319,0
DA:323,0
DA:325,0
DA:329,0
DA:331,0
DA:332,0
DA:340,0
DA:341,0
DA:342,0
DA:345,0
DA:346,0
DA:347,0
DA:349,0
DA:350,0
DA:351,0
DA:356,0
DA:357,0
DA:361,0
DA:365,0
DA:368,0
DA:369,0
DA:370,0
DA:371,0
DA:372,0
DA:376,0
DA:378,0
DA:381,0
DA:382,0
DA:384,0
DA:387,0
DA:388,0
DA:391,0
DA:399,0
DA:400,0
DA:401,0
DA:404,0
DA:405,0
DA:406,0
DA:409,0
DA:411,0
DA:413,0
DA:414,0
DA:416,0
DA:417,0
DA:425,0
DA:427,0
DA:428,0
DA:435,0
DA:437,0
DA:438,0
DA:439,0
DA:446,0
DA:448,0
DA:449,0
DA:451,0
DA:452,0
DA:453,0
DA:454,0
DA:458,0
DA:465,0
DA:467,0
DA:468,0
DA:470,0
DA:471,0
DA:474,0
DA:475,0
DA:477,0
DA:478,0
DA:486,0
DA:487,0
DA:489,0
DA:490,0
DA:491,0
DA:492,0
DA:496,0
DA:507,0
DA:508,0
DA:509,0
DA:512,0
DA:513,0
DA:515,0
DA:516,0
DA:517,0
DA:518,0
DA:521,0
DA:524,0
DA:525,0
DA:527,0
DA:528,0
DA:536,0
DA:543,0
DA:545,0
DA:551,0
DA:558,0
DA:565,0
DA:567,0
DA:569,0
DA:570,0
DA:572,0
DA:573,0
DA:574,0
DA:575,0
DA:577,0
DA:580,0
DA:581,0
DA:587,0
DA:589,0
DA:590,0
DA:596,0
DA:598,0
DA:599,0
DA:605,0
DA:607,0
DA:608,0
DA:614,0
DA:616,0
DA:620,0
DA:626,0
DA:629,0
DA:633,0
DA:640,0
DA:641,0
DA:643,0
DA:644,0
DA:646,0
DA:647,0
DA:651,0
DA:653,0
DA:654,0
DA:655,0
DA:656,0
DA:657,0
DA:659,0
DA:665,0
DA:669,0
DA:676,0
DA:677,0
DA:679,0
DA:681,0
DA:682,0
DA:685,0
DA:694,0
DA:702,0
DA:709,0
DA:710,0
DA:713,0
DA:720,0
DA:721,0
DA:724,0
DA:725,0
DA:726,0
DA:730,0
DA:731,0
DA:738,0
DA:739,0
DA:742,0
DA:743,0
DA:751,0
DA:752,0
DA:756,0
DA:757,0
DA:759,0
DA:760,0
DA:769,0
DA:770,0
DA:779,0
DA:780,0
DA:783,0
LF:248
LH:0
BRDA:14,0,0,0
BRDA:21,1,0,0
BRDA:21,1,1,0
BRDA:24,2,0,0
BRDA:24,2,1,0
BRDA:74,3,0,0
BRDA:74,3,1,0
BRDA:91,4,0,0
BRDA:91,4,1,0
BRDA:202,5,0,0
BRDA:202,5,1,0
BRDA:203,6,0,0
BRDA:203,6,1,0
BRDA:216,7,0,0
BRDA:216,7,1,0
BRDA:226,8,0,0
BRDA:226,8,1,0
BRDA:233,9,0,0
BRDA:233,9,1,0
BRDA:233,10,0,0
BRDA:233,10,1,0
BRDA:235,11,0,0
BRDA:235,11,1,0
BRDA:236,12,0,0
BRDA:236,12,1,0
BRDA:267,13,0,0
BRDA:268,14,0,0
BRDA:268,14,1,0
BRDA:276,15,0,0
BRDA:276,15,1,0
BRDA:278,16,0,0
BRDA:278,16,1,0
BRDA:295,17,0,0
BRDA:295,17,1,0
BRDA:304,18,0,0
BRDA:304,18,1,0
BRDA:318,19,0,0
BRDA:318,19,1,0
BRDA:339,20,0,0
BRDA:340,21,0,0
BRDA:340,21,1,0
BRDA:349,22,0,0
BRDA:349,22,1,0
BRDA:356,23,0,0
BRDA:356,23,1,0
BRDA:369,24,0,0
BRDA:369,24,1,0
BRDA:371,25,0,0
BRDA:371,25,1,0
BRDA:387,26,0,0
BRDA:387,26,1,0
BRDA:399,27,0,0
BRDA:399,27,1,0
BRDA:425,28,0,0
BRDA:425,28,1,0
BRDA:435,29,0,0
BRDA:435,29,1,0
BRDA:439,30,0,0
BRDA:439,30,1,0
BRDA:446,31,0,0
BRDA:446,31,1,0
BRDA:453,32,0,0
BRDA:453,32,1,0
BRDA:453,33,0,0
BRDA:453,33,1,0
BRDA:465,34,0,0
BRDA:465,34,1,0
BRDA:485,35,0,0
BRDA:487,36,0,0
BRDA:487,36,1,0
BRDA:491,37,0,0
BRDA:491,37,1,0
BRDA:506,38,0,0
BRDA:508,39,0,0
BRDA:508,39,1,0
BRDA:512,40,0,0
BRDA:512,40,1,0
BRDA:513,41,0,0
BRDA:513,41,1,0
BRDA:516,42,0,0
BRDA:516,42,1,0
BRDA:516,43,0,0
BRDA:516,43,1,0
BRDA:543,44,0,0
BRDA:543,44,1,0
BRDA:565,45,0,0
BRDA:565,45,1,0
BRDA:565,46,0,0
BRDA:565,46,1,0
BRDA:572,47,0,0
BRDA:572,47,1,0
BRDA:573,48,0,0
BRDA:573,48,1,0
BRDA:580,49,0,0
BRDA:580,49,1,0
BRDA:580,50,0,0
BRDA:580,50,1,0
BRDA:589,51,0,0
BRDA:589,51,1,0
BRDA:589,52,0,0
BRDA:589,52,1,0
BRDA:598,53,0,0
BRDA:598,53,1,0
BRDA:598,54,0,0
BRDA:598,54,1,0
BRDA:607,55,0,0
BRDA:607,55,1,0
BRDA:607,56,0,0
BRDA:607,56,1,0
BRDA:616,57,0,0
BRDA:616,57,1,0
BRDA:617,58,0,0
BRDA:617,58,1,0
BRDA:617,58,2,0
BRDA:641,59,0,0
BRDA:641,59,1,0
BRDA:651,60,0,0
BRDA:651,60,1,0
BRDA:654,61,0,0
BRDA:654,61,1,0
BRDA:681,62,0,0
BRDA:681,62,1,0
BRDA:681,63,0,0
BRDA:681,63,1,0
BRDA:724,64,0,0
BRDA:724,64,1,0
BRDA:756,65,0,0
BRDA:756,65,1,0
BRF:128
BRH:0
end_of_record
TN:
SF:src/managers/AccessibilityManager.js
FN:15,(anonymous_0)
FN:61,(anonymous_1)
FN:79,(anonymous_2)
FN:99,(anonymous_3)
FN:110,(anonymous_4)
FN:146,(anonymous_5)
FN:197,(anonymous_6)
FN:211,(anonymous_7)
FN:225,(anonymous_8)
FN:243,(anonymous_9)
FN:246,(anonymous_10)
FN:254,(anonymous_11)
FN:284,(anonymous_12)
FN:297,(anonymous_13)
FN:307,(anonymous_14)
FN:317,(anonymous_15)
FN:328,(anonymous_16)
FN:376,(anonymous_17)
FN:392,(anonymous_18)
FN:399,(anonymous_19)
FN:414,(anonymous_20)
FN:431,(anonymous_21)
FN:468,(anonymous_22)
FN:476,(anonymous_23)
FN:484,(anonymous_24)
FN:492,(anonymous_25)
FN:500,(anonymous_26)
FN:512,(anonymous_27)
FN:520,(anonymous_28)
FN:528,(anonymous_29)
FN:536,(anonymous_30)
FN:546,(anonymous_31)
FN:554,(anonymous_32)
FN:562,(anonymous_33)
FN:571,(anonymous_34)
FN:583,(anonymous_35)
FN:594,(anonymous_36)
FN:605,(anonymous_37)
FN:622,(anonymous_38)
FN:637,(anonymous_39)
FNF:40
FNH:2
FNDA:63,(anonymous_0)
FNDA:0,(anonymous_1)
FNDA:0,(anonymous_2)
FNDA:0,(anonymous_3)
FNDA:63,(anonymous_4)
FNDA:0,(anonymous_5)
FNDA:0,(anonymous_6)
FNDA:0,(anonymous_7)
FNDA:0,(anonymous_8)
FNDA:0,(anonymous_9)
FNDA:0,(anonymous_10)
FNDA:0,(anonymous_11)
FNDA:0,(anonymous_12)
FNDA:0,(anonymous_13)
FNDA:0,(anonymous_14)
FNDA:0,(anonymous_15)
FNDA:0,(anonymous_16)
FNDA:0,(anonymous_17)
FNDA:0,(anonymous_18)
FNDA:0,(anonymous_19)
FNDA:0,(anonymous_20)
FNDA:0,(anonymous_21)
FNDA:0,(anonymous_22)
FNDA:0,(anonymous_23)
FNDA:0,(anonymous_24)
FNDA:0,(anonymous_25)
FNDA:0,(anonymous_26)
FNDA:0,(anonymous_27)
FNDA:0,(anonymous_28)
FNDA:0,(anonymous_29)
FNDA:0,(anonymous_30)
FNDA:0,(anonymous_31)
FNDA:0,(anonymous_32)
FNDA:0,(anonymous_33)
FNDA:0,(anonymous_34)
FNDA:0,(anonymous_35)
FNDA:0,(anonymous_36)
FNDA:0,(anonymous_37)
FNDA:0,(anonymous_38)
FNDA:0,(anonymous_39)
DA:17,63
DA:18,63
DA:19,63
DA:22,63
DA:23,0
DA:25,63
DA:26,0
DA:30,63
DA:45,63
DA:46,63
DA:49,63
DA:50,63
DA:53,63
DA:55,63
DA:62,0
DA:65,0
DA:68,0
DA:71,0
DA:73,0
DA:80,0
DA:83,0
DA:86,0
DA:89,0
DA:90,0
DA:93,0
DA:101,0
DA:104,0
DA:112,63
DA:113,63
DA:114,63
DA:115,63
DA:118,63
DA:119,63
DA:120,63
DA:126,63
DA:127,63
DA:130,63
DA:134,63
DA:140,63
DA:147,0
DA:151,0
DA:155,0
DA:159,0
DA:163,0
DA:167,0
DA:171,0
DA:175,0
DA:179,0
DA:183,0
DA:187,0
DA:191,0
DA:198,0
DA:199,0
DA:201,0
DA:203,0
DA:204,0
DA:213,0
DA:216,0
DA:219,0
DA:226,0
DA:227,0
DA:228,0
DA:229,0
DA:230,0
DA:237,0
DA:244,0
DA:246,0
DA:247,0
DA:255,0
DA:257,0
DA:260,0
DA:261,0
DA:265,0
DA:266,0
DA:269,0
DA:270,0
DA:276,0
DA:277,0
DA:286,0
DA:298,0
DA:299,0
DA:300,0
DA:309,0
DA:319,0
DA:329,0
DA:332,0
DA:333,0
DA:335,0
DA:339,0
DA:344,0
DA:345,0
DA:349,0
DA:352,0
DA:353,0
DA:355,0
DA:359,0
DA:360,0
DA:362,0
DA:366,0
DA:367,0
DA:369,0
DA:377,0
DA:378,0
DA:380,0
DA:383,0
DA:393,0
DA:400,0
DA:402,0
DA:408,0
DA:415,0
DA:417,0
DA:418,0
DA:422,0
DA:423,0
DA:424,0
DA:432,0
DA:433,0
DA:435,0
DA:436,0
DA:437,0
DA:439,0
DA:440,0
DA:442,0
DA:446,0
DA:448,0
DA:449,0
DA:453,0
DA:458,0
DA:459,0
DA:461,0
DA:469,0
DA:470,0
DA:477,0
DA:478,0
DA:485,0
DA:486,0
DA:493,0
DA:494,0
DA:501,0
DA:502,0
DA:505,0
DA:513,0
DA:514,0
DA:521,0
DA:522,0
DA:529,0
DA:530,0
DA:537,0
DA:540,0
DA:547,0
DA:548,0
DA:555,0
DA:556,0
DA:563,0
DA:564,0
DA:573,0
DA:574,0
DA:575,0
DA:576,0
DA:585,0
DA:586,0
DA:587,0
DA:596,0
DA:597,0
DA:598,0
DA:606,0
DA:607,0
DA:608,0
DA:609,0
DA:610,0
DA:611,0
DA:612,0
DA:615,0
DA:623,0
DA:624,0
DA:628,0
DA:630,0
DA:638,0
DA:652,0
DA:653,0
LF:180
LH:24
BRDA:15,0,0,0
BRDA:22,1,0,0
BRDA:22,1,1,63
BRDA:25,2,0,0
BRDA:25,2,1,63
BRDA:89,3,0,0
BRDA:89,3,1,0
BRDA:199,4,0,0
BRDA:199,4,1,0
BRDA:244,5,0,0
BRDA:244,5,1,0
BRDA:255,6,0,0
BRDA:255,6,1,0
BRDA:257,7,0,0
BRDA:257,7,1,0
BRDA:257,7,2,0
BRDA:257,7,3,0
BRDA:257,7,4,0
BRDA:257,7,5,0
BRDA:257,7,6,0
BRDA:257,7,7,0
BRDA:299,8,0,0
BRDA:299,8,1,0
BRDA:299,9,0,0
BRDA:299,9,1,0
BRDA:332,10,0,0
BRDA:332,10,1,0
BRDA:344,11,0,0
BRDA:344,11,1,0
BRDA:352,12,0,0
BRDA:352,12,1,0
BRDA:359,13,0,0
BRDA:359,13,1,0
BRDA:366,14,0,0
BRDA:366,14,1,0
BRDA:399,15,0,0
BRDA:400,16,0,0
BRDA:400,16,1,0
BRDA:415,17,0,0
BRDA:415,17,1,0
BRDA:422,18,0,0
BRDA:422,18,1,0
BRDA:431,19,0,0
BRDA:431,20,0,0
BRDA:432,21,0,0
BRDA:432,21,1,0
BRDA:432,22,0,0
BRDA:432,22,1,0
BRDA:432,22,2,0
BRDA:501,23,0,0
BRDA:501,23,1,0
BRDA:563,24,0,0
BRDA:563,24,1,0
BRDA:573,25,0,0
BRDA:573,25,1,0
BRDA:575,26,0,0
BRDA:575,26,1,0
BRDA:586,27,0,0
BRDA:586,27,1,0
BRDA:586,28,0,0
BRDA:586,28,1,0
BRDA:597,29,0,0
BRDA:597,29,1,0
BRDA:597,30,0,0
BRDA:597,30,1,0
BRDA:608,31,0,0
BRDA:608,31,1,0
BRF:67
BRH:2
end_of_record
TN:
SF:src/managers/AchievementManager.js
FN:12,(anonymous_0)
FN:43,(anonymous_1)
FN:55,(anonymous_2)
FN:70,(anonymous_3)
FN:81,(anonymous_4)
FN:209,(anonymous_5)
FN:225,(anonymous_6)
FN:255,(anonymous_7)
FN:289,(anonymous_8)
FN:297,(anonymous_9)
FN:306,(anonymous_10)
FN:313,(anonymous_11)
FN:320,(anonymous_12)
FN:327,(anonymous_13)
FN:334,(anonymous_14)
FN:341,(anonymous_15)
FN:348,(anonymous_16)
FN:359,(anonymous_17)
FN:366,(anonymous_18)
FN:373,(anonymous_19)
FN:383,(anonymous_20)
FN:391,(anonymous_21)
FN:400,(anonymous_22)
FN:417,(anonymous_23)
FN:446,(anonymous_24)
FN:490,(anonymous_25)
FN:497,(anonymous_26)
FN:504,(anonymous_27)
FN:505,(anonymous_28)
FN:511,(anonymous_29)
FN:532,(anonymous_30)
FN:543,(anonymous_31)
FN:551,(anonymous_32)
FN:579,(anonymous_33)
FN:595,(anonymous_34)
FNF:35
FNH:4
FNDA:63,(anonymous_0)
FNDA:0,(anonymous_1)
FNDA:0,(anonymous_2)
FNDA:0,(anonymous_3)
FNDA:63,(anonymous_4)
FNDA:819,(anonymous_5)
FNDA:63,(anonymous_6)
FNDA:0,(anonymous_7)
FNDA:0,(anonymous_8)
FNDA:0,(anonymous_9)
FNDA:0,(anonymous_10)
FNDA:0,(anonymous_11)
FNDA:0,(anonymous_12)
FNDA:0,(anonymous_13)
FNDA:0,(anonymous_14)
FNDA:0,(anonymous_15)
FNDA:0,(anonymous_16)
FNDA:0,(anonymous_17)
FNDA:0,(anonymous_18)
FNDA:0,(anonymous_19)
FNDA:0,(anonymous_20)
FNDA:0,(anonymous_21)
FNDA:0,(anonymous_22)
FNDA:0,(anonymous_23)
FNDA:0,(anonymous_24)
FNDA:0,(anonymous_25)
FNDA:0,(anonymous_26)
FNDA:0,(anonymous_27)
FNDA:0,(anonymous_28)
FNDA:0,(anonymous_29)
FNDA:0,(anonymous_30)
FNDA:0,(anonymous_31)
FNDA:0,(anonymous_32)
FNDA:0,(anonymous_33)
FNDA:0,(anonymous_34)
DA:14,63
DA:15,63
DA:16,63
DA:19,63
DA:20,0
DA:22,63
DA:23,0
DA:27,63
DA:28,63
DA:29,63
DA:32,63
DA:35,63
DA:37,63
DA:44,0
DA:47,0
DA:49,0
DA:56,0
DA:59,0
DA:62,0
DA:64,0
DA:72,0
DA:75,0
DA:83,63
DA:92,63
DA:101,63
DA:111,63
DA:120,63
DA:130,63
DA:139,63
DA:149,63
DA:158,63
DA:168,63
DA:177,63
DA:187,63
DA:196,63
DA:210,819
DA:219,819
DA:227,63
DA:230,63
DA:236,63
DA:242,63
DA:243,63
DA:246,63
DA:249,63
DA:256,0
DA:260,0
DA:264,0
DA:268,0
DA:272,0
DA:276,0
DA:280,0
DA:290,0
DA:291,0
DA:298,0
DA:299,0
DA:300,0
DA:307,0
DA:314,0
DA:321,0
DA:328,0
DA:335,0
DA:342,0
DA:350,0
DA:351,0
DA:353,0
DA:360,0
DA:367,0
DA:374,0
DA:375,0
DA:376,0
DA:392,0
DA:393,0
DA:401,0
DA:402,0
DA:403,0
DA:404,0
DA:407,0
DA:408,0
DA:418,0
DA:419,0
DA:420,0
DA:423,0
DA:424,0
DA:425,0
DA:427,0
DA:430,0
DA:440,0
DA:447,0
DA:449,0
DA:452,0
DA:453,0
DA:461,0
DA:462,0
DA:470,0
DA:471,0
DA:479,0
DA:480,0
DA:491,0
DA:498,0
DA:505,0
DA:512,0
DA:513,0
DA:515,0
DA:533,0
DA:534,0
DA:535,0
DA:537,0
DA:544,0
DA:545,0
DA:546,0
DA:547,0
DA:550,0
DA:551,0
DA:552,0
DA:553,0
DA:554,0
DA:560,0
DA:561,0
DA:562,0
DA:563,0
DA:564,0
DA:569,0
DA:572,0
DA:580,0
DA:581,0
DA:585,0
DA:586,0
DA:588,0
DA:596,0
DA:597,0
DA:599,0
DA:600,0
DA:601,0
DA:602,0
DA:603,0
DA:606,0
LF:136
LH:33
BRDA:12,0,0,0
BRDA:19,1,0,0
BRDA:19,1,1,63
BRDA:22,2,0,0
BRDA:22,2,1,63
BRDA:350,3,0,0
BRDA:350,3,1,0
BRDA:374,4,0,0
BRDA:374,4,1,0
BRDA:392,5,0,0
BRDA:392,5,1,0
BRDA:402,6,0,0
BRDA:402,6,1,0
BRDA:402,7,0,0
BRDA:402,7,1,0
BRDA:403,8,0,0
BRDA:403,8,1,0
BRDA:419,9,0,0
BRDA:419,9,1,0
BRDA:419,10,0,0
BRDA:419,10,1,0
BRDA:447,11,0,0
BRDA:447,11,1,0
BRDA:452,12,0,0
BRDA:452,12,1,0
BRDA:461,13,0,0
BRDA:461,13,1,0
BRDA:470,14,0,0
BRDA:470,14,1,0
BRDA:479,15,0,0
BRDA:479,15,1,0
BRDA:513,16,0,0
BRDA:513,16,1,0
BRDA:546,17,0,0
BRDA:546,17,1,0
BRDA:550,18,0,0
BRDA:550,18,1,0
BRDA:552,19,0,0
BRDA:552,19,1,0
BRDA:560,20,0,0
BRDA:560,20,1,0
BRDA:562,21,0,0
BRDA:562,21,1,0
BRF:43
BRH:2
end_of_record
TN:
SF:src/managers/DailyChallengeManager.js
FN:12,(anonymous_0)
FN:45,(anonymous_1)
FN:60,(anonymous_2)
FN:75,(anonymous_3)
FN:86,(anonymous_4)
FN:250,(anonymous_5)
FN:280,(anonymous_6)
FN:314,(anonymous_7)
FN:331,(anonymous_8)
FN:354,(anonymous_9)
FN:376,(anonymous_10)
FN:386,(anonymous_11)
FN:394,(anonymous_12)
FN:401,(anonymous_13)
FN:410,(anonymous_14)
FN:417,(anonymous_15)
FN:424,(anonymous_16)
FN:436,(anonymous_17)
FN:443,(anonymous_18)
FN:451,(anonymous_19)
FN:459,(anonymous_20)
FN:467,(anonymous_21)
FN:475,(anonymous_22)
FN:483,(anonymous_23)
FN:491,(anonymous_24)
FN:508,(anonymous_25)
FN:536,(anonymous_26)
FN:571,(anonymous_27)
FN:572,(anonymous_28)
FN:578,(anonymous_29)
FN:579,(anonymous_30)
FN:585,(anonymous_31)
FN:592,(anonymous_32)
FN:612,(anonymous_33)
FN:623,(anonymous_34)
FN:624,(anonymous_35)
FN:631,(anonymous_36)
FN:638,(anonymous_37)
FN:649,(anonymous_38)
FN:671,(anonymous_39)
FN:688,(anonymous_40)
FNF:41
FNH:3
FNDA:63,(anonymous_0)
FNDA:0,(anonymous_1)
FNDA:0,(anonymous_2)
FNDA:0,(anonymous_3)
FNDA:63,(anonymous_4)
FNDA:63,(anonymous_5)
FNDA:0,(anonymous_6)
FNDA:0,(anonymous_7)
FNDA:0,(anonymous_8)
FNDA:0,(anonymous_9)
FNDA:0,(anonymous_10)
FNDA:0,(anonymous_11)
FNDA:0,(anonymous_12)
FNDA:0,(anonymous_13)
FNDA:0,(anonymous_14)
FNDA:0,(anonymous_15)
FNDA:0,(anonymous_16)
FNDA:0,(anonymous_17)
FNDA:0,(anonymous_18)
FNDA:0,(anonymous_19)
FNDA:0,(anonymous_20)
FNDA:0,(anonymous_21)
FNDA:0,(anonymous_22)
FNDA:0,(anonymous_23)
FNDA:0,(anonymous_24)
FNDA:0,(anonymous_25)
FNDA:0,(anonymous_26)
FNDA:0,(anonymous_27)
FNDA:0,(anonymous_28)
FNDA:0,(anonymous_29)
FNDA:0,(anonymous_30)
FNDA:0,(anonymous_31)
FNDA:0,(anonymous_32)
FNDA:0,(anonymous_33)
FNDA:0,(anonymous_34)
FNDA:0,(anonymous_35)
FNDA:0,(anonymous_36)
FNDA:0,(anonymous_37)
FNDA:0,(anonymous_38)
FNDA:0,(anonymous_39)
FNDA:0,(anonymous_40)
DA:14,63
DA:15,63
DA:16,63
DA:19,63
DA:20,0
DA:22,63
DA:23,0
DA:27,63
DA:28,63
DA:29,63
DA:30,63
DA:31,63
DA:34,63
DA:37,63
DA:39,63
DA:46,0
DA:49,0
DA:52,0
DA:54,0
DA:61,0
DA:64,0
DA:67,0
DA:69,0
DA:77,0
DA:80,0
DA:87,63
DA:252,63
DA:255,63
DA:261,63
DA:267,63
DA:270,63
DA:271,63
DA:274,63
DA:281,0
DA:285,0
DA:289,0
DA:293,0
DA:297,0
DA:301,0
DA:305,0
DA:315,0
DA:318,0
DA:319,0
DA:323,0
DA:324,0
DA:325,0
DA:328,0
DA:329,0
DA:331,0
DA:332,0
DA:333,0
DA:334,0
DA:335,0
DA:338,0
DA:339,0
DA:344,0
DA:355,0
DA:356,0
DA:370,0
DA:377,0
DA:378,0
DA:379,0
DA:395,0
DA:402,0
DA:403,0
DA:404,0
DA:411,0
DA:418,0
DA:425,0
DA:426,0
DA:427,0
DA:428,0
DA:429,0
DA:430,0
DA:437,0
DA:444,0
DA:445,0
DA:452,0
DA:453,0
DA:460,0
DA:461,0
DA:468,0
DA:469,0
DA:476,0
DA:477,0
DA:484,0
DA:485,0
DA:492,0
DA:493,0
DA:494,0
DA:495,0
DA:498,0
DA:499,0
DA:509,0
DA:510,0
DA:511,0
DA:514,0
DA:515,0
DA:516,0
DA:518,0
DA:521,0
DA:530,0
DA:537,0
DA:539,0
DA:542,0
DA:543,0
DA:551,0
DA:552,0
DA:560,0
DA:561,0
DA:572,0
DA:579,0
DA:586,0
DA:593,0
DA:594,0
DA:596,0
DA:613,0
DA:614,0
DA:615,0
DA:617,0
DA:624,0
DA:625,0
DA:632,0
DA:639,0
DA:640,0
DA:641,0
DA:642,0
DA:645,0
DA:648,0
DA:649,0
DA:650,0
DA:655,0
DA:656,0
DA:657,0
DA:661,0
DA:664,0
DA:672,0
DA:673,0
DA:678,0
DA:679,0
DA:681,0
DA:689,0
DA:690,0
DA:691,0
DA:692,0
DA:694,0
LF:146
LH:21
BRDA:12,0,0,0
BRDA:19,1,0,0
BRDA:19,1,1,63
BRDA:22,2,0,0
BRDA:22,2,1,63
BRDA:318,3,0,0
BRDA:318,3,1,0
BRDA:378,4,0,0
BRDA:378,4,1,0
BRDA:493,5,0,0
BRDA:493,5,1,0
BRDA:493,6,0,0
BRDA:493,6,1,0
BRDA:494,7,0,0
BRDA:494,7,1,0
BRDA:510,8,0,0
BRDA:510,8,1,0
BRDA:510,9,0,0
BRDA:510,9,1,0
BRDA:537,10,0,0
BRDA:537,10,1,0
BRDA:542,11,0,0
BRDA:542,11,1,0
BRDA:551,12,0,0
BRDA:551,12,1,0
BRDA:560,13,0,0
BRDA:560,13,1,0
BRDA:594,14,0,0
BRDA:594,14,1,0
BRDA:641,15,0,0
BRDA:641,15,1,0
BRDA:648,16,0,0
BRDA:648,16,1,0
BRDA:655,17,0,0
BRDA:655,17,1,0
BRF:35
BRH:2
end_of_record
TN:
SF:src/managers/GameManager.js
FN:13,(anonymous_0)
FN:51,(anonymous_1)
FN:66,(anonymous_2)
FN:81,(anonymous_3)
FN:100,(anonymous_4)
FN:131,(anonymous_5)
FN:166,(anonymous_6)
FN:184,(anonymous_7)
FN:211,(anonymous_8)
FN:239,(anonymous_9)
FN:255,(anonymous_10)
FN:265,(anonymous_11)
FN:272,(anonymous_12)
FN:297,(anonymous_13)
FN:306,(anonymous_14)
FN:324,(anonymous_15)
FN:337,(anonymous_16)
FN:352,(anonymous_17)
FN:372,(anonymous_18)
FN:380,(anonymous_19)
FN:396,(anonymous_20)
FN:412,(anonymous_21)
FN:419,(anonymous_22)
FN:428,(anonymous_23)
FN:441,(anonymous_24)
FN:463,(anonymous_25)
FN:490,(anonymous_26)
FN:506,(anonymous_27)
FN:522,(anonymous_28)
FN:529,(anonymous_29)
FN:536,(anonymous_30)
FNF:31
FNH:29
FNDA:112,(anonymous_0)
FNDA:1,(anonymous_1)
FNDA:48,(anonymous_2)
FNDA:4,(anonymous_3)
FNDA:110,(anonymous_4)
FNDA:48,(anonymous_5)
FNDA:110,(anonymous_6)
FNDA:7,(anonymous_7)
FNDA:8,(anonymous_8)
FNDA:4,(anonymous_9)
FNDA:2,(anonymous_10)
FNDA:0,(anonymous_11)
FNDA:4,(anonymous_12)
FNDA:1,(anonymous_13)
FNDA:2,(anonymous_14)
FNDA:2,(anonymous_15)
FNDA:2,(anonymous_16)
FNDA:4,(anonymous_17)
FNDA:1,(anonymous_18)
FNDA:2,(anonymous_19)
FNDA:1,(anonymous_20)
FNDA:2,(anonymous_21)
FNDA:0,(anonymous_22)
FNDA:1,(anonymous_23)
FNDA:1,(anonymous_24)
FNDA:7,(anonymous_25)
FNDA:3,(anonymous_26)
FNDA:50,(anonymous_27)
FNDA:1,(anonymous_28)
FNDA:2,(anonymous_29)
FNDA:2,(anonymous_30)
DA:15,112
DA:16,112
DA:17,112
DA:20,112
DA:21,1
DA:23,111
DA:24,1
DA:28,110
DA:40,110
DA:43,110
DA:45,110
DA:52,1
DA:55,1
DA:58,0
DA:60,0
DA:67,48
DA:70,48
DA:73,48
DA:75,48
DA:83,4
DA:84,2
DA:87,2
DA:88,2
DA:89,2
DA:94,4
DA:102,110
DA:103,110
DA:104,110
DA:108,110
DA:114,110
DA:115,110
DA:118,110
DA:122,110
DA:132,48
DA:136,48
DA:140,48
DA:144,48
DA:148,48
DA:149,48
DA:153,48
DA:157,48
DA:167,110
DA:185,7
DA:186,7
DA:187,7
DA:188,7
DA:190,7
DA:191,7
DA:192,1
DA:193,1
DA:196,6
DA:201,6
DA:212,8
DA:215,8
DA:216,7
DA:220,8
DA:221,8
DA:226,2
DA:229,8
DA:240,4
DA:242,4
DA:243,1
DA:245,3
DA:256,2
DA:257,2
DA:259,2
DA:266,0
DA:273,4
DA:274,0
DA:277,4
DA:278,4
DA:280,4
DA:285,4
DA:293,4
DA:294,1
DA:297,3
DA:298,1
DA:307,2
DA:309,2
DA:315,2
DA:316,2
DA:317,2
DA:325,2
DA:327,2
DA:338,2
DA:340,2
DA:342,2
DA:354,4
DA:356,1
DA:357,1
DA:359,2
DA:360,1
DA:362,2
DA:364,1
DA:365,1
DA:373,1
DA:374,1
DA:382,2
DA:383,2
DA:384,1
DA:388,2
DA:389,2
DA:398,1
DA:399,1
DA:400,1
DA:404,1
DA:405,1
DA:413,2
DA:414,1
DA:416,2
DA:418,1
DA:419,1
DA:420,0
DA:429,1
DA:430,1
DA:442,1
DA:453,1
DA:455,1
DA:464,7
DA:465,7
DA:468,6
DA:471,5
DA:474,0
DA:477,1
DA:480,0
DA:483,0
DA:491,3
DA:492,3
DA:493,3
DA:494,2
DA:495,1
DA:496,1
DA:499,1
DA:507,50
DA:508,50
DA:512,50
DA:513,34
DA:515,16
DA:523,1
DA:530,2
DA:537,2
DA:538,1
LF:142
LH:134
BRDA:13,0,0,0
BRDA:20,1,0,1
BRDA:20,1,1,111
BRDA:23,2,0,1
BRDA:23,2,1,110
BRDA:83,3,0,2
BRDA:83,3,1,2
BRDA:83,4,0,4
[...]
DA:968,0
DA:969,0
DA:974,0
DA:976,0
DA:977,0
DA:986,0
DA:987,0
DA:988,0
DA:997,0
DA:998,0
DA:1001,0
DA:1002,0
DA:1003,0
DA:1011,0
DA:1013,0
DA:1014,0
DA:1015,0
DA:1016,0
DA:1017,0
DA:1021,0
DA:1029,0
DA:1031,0
DA:1032,0
DA:1033,0
DA:1034,0
DA:1035,0
DA:1039,0
DA:1047,0
DA:1050,0
DA:1053,0
DA:1056,0
DA:1059,0
DA:1066,0
DA:1067,0
DA:1069,0
DA:1070,0
DA:1079,0
DA:1080,0
DA:1081,0
DA:1082,0
DA:1083,0
DA:1084,0
DA:1085,0
DA:1092,0
DA:1093,0
DA:1095,0
DA:1104,0
DA:1106,0
DA:1107,0
DA:1109,0
DA:1110,0
DA:1112,0
DA:1113,0
DA:1122,0
DA:1123,0
DA:1124,0
DA:1126,0
DA:1127,0
DA:1128,0
DA:1129,0
DA:1130,0
DA:1131,0
DA:1132,0
DA:1139,0
DA:1140,0
DA:1141,0
DA:1143,0
DA:1144,0
DA:1145,0
DA:1146,0
DA:1147,0
DA:1148,0
DA:1149,0
DA:1156,0
DA:1157,0
DA:1158,0
DA:1159,0
DA:1160,0
DA:1161,0
DA:1162,0
DA:1163,0
DA:1170,0
DA:1171,0
DA:1173,0
DA:1181,0
DA:1183,0
DA:1184,0
DA:1186,0
DA:1187,0
DA:1189,0
DA:1190,0
DA:1198,0
DA:1199,0
DA:1200,0
DA:1202,0
DA:1203,0
DA:1205,0
DA:1212,0
DA:1213,0
DA:1214,0
DA:1216,0
DA:1217,0
DA:1218,0
DA:1219,0
DA:1220,0
DA:1228,0
DA:1235,0
DA:1237,0
DA:1239,0
DA:1240,0
DA:1242,0
DA:1243,0
DA:1245,0
DA:1246,0
DA:1248,0
DA:1249,0
DA:1257,0
DA:1260,0
DA:1268,0
DA:1269,0
DA:1280,0
DA:1283,0
DA:1295,0
DA:1297,0
DA:1307,0
DA:1309,0
DA:1316,0
DA:1319,0
DA:1320,0
DA:1328,0
DA:1330,0
DA:1337,0
DA:1339,0
DA:1346,0
DA:1348,0
DA:1355,0
DA:1357,0
DA:1367,0
DA:1369,0
DA:1379,0
DA:1381,0
DA:1391,0
DA:1392,0
DA:1393,0
DA:1394,0
DA:1397,0
DA:1404,0
DA:1405,0
DA:1406,0
DA:1409,0
DA:1416,0
DA:1418,0
DA:1419,0
DA:1424,0
DA:1437,0
DA:1438,0
DA:1439,0
DA:1440,0
DA:1449,0
DA:1450,0
DA:1451,0
DA:1453,0
DA:1460,0
DA:1462,0
DA:1463,0
DA:1465,0
DA:1466,0
DA:1468,0
DA:1469,0
DA:1477,0
DA:1478,0
DA:1479,0
DA:1481,0
DA:1482,0
DA:1484,0
DA:1491,0
DA:1492,0
DA:1493,0
DA:1495,0
DA:1496,0
DA:1497,0
DA:1498,0
DA:1499,0
DA:1506,0
DA:1513,0
DA:1514,0
DA:1515,0
DA:1516,0
DA:1517,0
DA:1524,0
DA:1531,0
DA:1538,0
DA:1545,0
DA:1547,0
DA:1548,0
DA:1549,0
DA:1550,0
DA:1551,0
DA:1559,0
DA:1566,0
DA:1573,0
DA:1580,0
DA:1587,0
DA:1594,0
DA:1601,0
DA:1608,0
DA:1615,0
DA:1622,0
DA:1629,0
DA:1636,0
LF:390
LH:0
BRDA:14,0,0,0
BRDA:21,1,0,0
BRDA:21,1,1,0
BRDA:24,2,0,0
BRDA:24,2,1,0
BRDA:575,3,0,0
BRDA:575,3,1,0
BRDA:595,4,0,0
BRDA:596,5,0,0
BRDA:596,5,1,0
BRDA:606,6,0,0
BRDA:606,6,1,0
BRDA:622,7,0,0
BRDA:622,7,1,0
BRDA:622,7,2,0
BRDA:622,7,3,0
BRDA:622,7,4,0
BRDA:622,7,5,0
BRDA:622,7,6,0
BRDA:622,7,7,0
BRDA:622,7,8,0
BRDA:784,8,0,0
BRDA:785,9,0,0
BRDA:785,9,1,0
BRDA:790,10,0,0
BRDA:790,10,1,0
BRDA:801,11,0,0
BRDA:801,11,1,0
BRDA:842,12,0,0
BRDA:848,13,0,0
BRDA:848,13,1,0
BRDA:860,14,0,0
BRDA:862,15,0,0
BRDA:862,15,1,0
BRDA:874,16,0,0
BRDA:874,16,1,0
BRDA:891,17,0,0
BRDA:891,17,1,0
BRDA:905,18,0,0
BRDA:905,18,1,0
BRDA:943,19,0,0
BRDA:943,19,1,0
BRDA:965,20,0,0
BRDA:965,20,1,0
BRDA:968,21,0,0
BRDA:968,21,1,0
BRDA:974,22,0,0
BRDA:974,22,1,0
BRDA:987,23,0,0
BRDA:987,23,1,0
BRDA:997,24,0,0
BRDA:997,24,1,0
BRDA:997,25,0,0
BRDA:997,25,1,0
BRDA:1002,26,0,0
BRDA:1002,26,1,0
BRDA:1014,27,0,0
BRDA:1014,27,1,0
BRDA:1032,28,0,0
BRDA:1032,28,1,0
BRDA:1047,29,0,0
BRDA:1047,29,1,0
BRDA:1067,30,0,0
BRDA:1067,30,1,0
BRDA:1093,31,0,0
BRDA:1093,31,1,0
BRDA:1104,32,0,0
BRDA:1104,32,1,0
BRDA:1104,32,2,0
BRDA:1171,33,0,0
BRDA:1171,33,1,0
BRDA:1181,34,0,0
BRDA:1181,34,1,0
BRDA:1181,34,2,0
BRDA:1237,35,0,0
BRDA:1237,35,1,0
BRDA:1237,35,2,0
BRDA:1237,35,3,0
BRDA:1268,36,0,0
BRDA:1268,36,1,0
BRDA:1319,37,0,0
BRDA:1319,37,1,0
BRDA:1330,38,0,0
BRDA:1330,38,1,0
BRDA:1339,39,0,0
BRDA:1339,39,1,0
BRDA:1438,40,0,0
BRDA:1438,40,1,0
BRDA:1450,41,0,0
BRDA:1450,41,1,0
BRDA:1460,42,0,0
BRDA:1460,42,1,0
BRDA:1460,42,2,0
BRDA:1497,43,0,0
BRDA:1497,43,1,0
BRDA:1548,44,0,0
BRDA:1548,44,1,0
BRF:97
BRH:0
end_of_record
TN:
SF:src/ui/SettingsUI.js
FN:12,(anonymous_0)
FN:47,(anonymous_1)
FN:98,(anonymous_2)
FN:116,(anonymous_3)
FN:165,(anonymous_4)
FN:211,(anonymous_5)
FN:232,(anonymous_6)
FN:254,(anonymous_7)
FN:276,(anonymous_8)
FN:298,(anonymous_9)
FN:317,(anonymous_10)
FN:343,(anonymous_11)
FN:380,(anonymous_12)
FN:394,(anonymous_13)
FN:420,(anonymous_14)
FN:432,(anonymous_15)
FN:461,(anonymous_16)
FN:468,(anonymous_17)
FN:480,(anonymous_18)
FN:546,(anonymous_19)
FN:548,(anonymous_20)
FN:555,(anonymous_21)
FN:565,(anonymous_22)
FN:585,(anonymous_23)
FN:606,(anonymous_24)
FN:616,(anonymous_25)
FN:626,(anonymous_26)
FN:637,(anonymous_27)
FN:647,(anonymous_28)
FN:662,(anonymous_29)
FN:680,(anonymous_30)
FN:695,(anonymous_31)
FN:702,(anonymous_32)
FN:711,(anonymous_33)
FNF:34
FNH:29
FNDA:135,(anonymous_0)
FNDA:132,(anonymous_1)
FNDA:132,(anonymous_2)
FNDA:131,(anonymous_3)
FNDA:131,(anonymous_4)
FNDA:131,(anonymous_5)
FNDA:131,(anonymous_6)
FNDA:131,(anonymous_7)
FNDA:131,(anonymous_8)
FNDA:131,(anonymous_9)
FNDA:655,(anonymous_10)
FNDA:524,(anonymous_11)
FNDA:0,(anonymous_12)
FNDA:2620,(anonymous_13)
FNDA:0,(anonymous_14)
FNDA:393,(anonymous_15)
FNDA:1572,(anonymous_16)
FNDA:0,(anonymous_17)
FNDA:131,(anonymous_18)
FNDA:28,(anonymous_19)
FNDA:0,(anonymous_20)
FNDA:0,(anonymous_21)
FNDA:3554,(anonymous_22)
FNDA:5,(anonymous_23)
FNDA:4,(anonymous_24)
FNDA:4,(anonymous_25)
FNDA:2,(anonymous_26)
FNDA:1,(anonymous_27)
FNDA:3,(anonymous_28)
FNDA:32,(anonymous_29)
FNDA:9,(anonymous_30)
FNDA:8,(anonymous_31)
FNDA:1,(anonymous_32)
FNDA:35,(anonymous_33)
DA:14,135
DA:15,2
DA:17,133
DA:18,2
DA:21,131
DA:22,131
DA:23,131
DA:24,131
DA:25,131
DA:28,131
DA:29,131
DA:30,131
DA:31,131
DA:32,131
DA:33,131
DA:34,131
DA:37,131
DA:38,28
DA:39,28
DA:41,28
DA:48,132
DA:99,132
DA:118,131
DA:119,131
DA:120,131
DA:133,131
DA:134,131
DA:135,131
DA:146,131
DA:149,131
DA:150,131
DA:151,131
DA:152,131
DA:153,131
DA:156,131
DA:158,131
DA:159,131
DA:166,131
DA:167,131
DA:168,131
DA:177,131
DA:178,131
DA:179,131
DA:185,131
DA:186,131
DA:187,131
DA:188,131
DA:201,131
DA:203,131
DA:204,131
DA:205,131
DA:212,131
DA:215,131
DA:218,131
DA:221,131
DA:224,131
DA:225,131
DA:226,131
DA:233,131
DA:236,131
DA:244,131
DA:245,131
DA:246,131
DA:247,131
DA:248,131
DA:255,131
DA:258,131
DA:266,131
DA:267,131
DA:268,131
DA:269,131
DA:270,131
DA:277,131
DA:280,131
DA:281,131
DA:282,131
DA:283,131
DA:284,131
DA:287,131
DA:299,131
DA:302,131
DA:305,131
DA:306,131
DA:309,131
DA:310,131
DA:311,131
DA:318,655
DA:319,655
DA:320,655
DA:327,655
DA:328,655
DA:329,655
DA:335,655
DA:336,655
DA:337,655
DA:344,524
DA:345,524
DA:346,524
DA:353,524
DA:354,524
DA:355,524
DA:361,524
DA:362,524
DA:363,524
DA:364,524
DA:365,524
DA:366,524
DA:367,524
DA:372,524
DA:373,524
DA:374,524
DA:380,524
DA:381,0
DA:382,0
DA:385,524
DA:386,524
DA:387,524
DA:388,524
DA:395,2620
DA:396,2620
DA:397,2620
DA:404,2620
DA:405,2620
DA:406,2620
DA:412,2620
DA:413,2620
DA:414,2620
DA:415,2620
DA:420,2620
DA:421,0
DA:424,2620
DA:425,2620
DA:426,2620
DA:433,393
DA:434,393
DA:435,393
DA:442,393
DA:443,393
DA:444,393
DA:450,393
DA:451,393
DA:452,393
DA:461,393
DA:462,1572
DA:463,1572
DA:464,1572
DA:465,1572
DA:468,393
DA:469,0
DA:472,393
DA:473,393
DA:474,393
DA:481,131
DA:482,131
DA:483,131
DA:491,131
DA:492,131
DA:493,131
DA:494,131
DA:502,131
DA:504,131
DA:505,131
DA:510,131
DA:511,131
DA:512,131
DA:513,131
DA:521,131
DA:523,131
DA:524,131
DA:525,131
DA:526,131
DA:534,131
DA:536,131
DA:537,131
DA:538,131
DA:539,131
DA:540,131
DA:548,28
DA:549,0
DA:550,0
DA:555,28
DA:556,0
DA:557,0
DA:566,3554
DA:567,0
DA:570,3554
DA:571,3554
DA:572,3554
DA:573,7106
DA:574,7104
DA:576,2
DA:579,3552
DA:586,5
DA:587,5
DA:588,5
DA:589,5
DA:591,5
DA:594,5
DA:600,5
DA:607,4
DA:608,4
DA:609,4
DA:610,4
DA:617,4
DA:618,4
DA:619,4
DA:620,4
DA:627,2
DA:628,1
DA:630,1
DA:638,1
DA:639,1
DA:640,1
DA:641,1
DA:648,3
DA:649,3
DA:650,2
DA:651,2
DA:652,2
DA:654,1
DA:655,1
DA:663,32
DA:664,32
DA:665,31
DA:666,2
DA:667,2
DA:668,2
DA:669,2
DA:672,1
DA:673,1
DA:681,9
DA:682,9
DA:683,12
DA:684,6
DA:686,6
DA:689,9
DA:696,8
DA:703,1
DA:704,1
DA:705,1
DA:712,35
DA:713,0
DA:715,35
DA:716,35
LF:244
LH:234
BRDA:12,0,0,0
BRDA:14,1,0,2
BRDA:14,1,1,133
BRDA:14,2,0,135
BRDA:14,2,1,134
BRDA:17,3,0,2
BRDA:17,3,1,131
BRDA:17,4,0,133
BRDA:17,4,1,132
BRDA:23,5,0,131
BRDA:23,5,1,0
BRDA:549,6,0,0
BRDA:549,6,1,0
BRDA:549,7,0,0
BRDA:549,7,1,0
BRDA:556,8,0,0
BRDA:556,8,1,0
BRDA:566,9,0,0
BRDA:566,9,1,3554
BRDA:566,10,0,3554
BRDA:566,10,1,3554
BRDA:573,11,0,7104
BRDA:573,11,1,2
BRDA:573,12,0,7106
BRDA:573,12,1,7106
BRDA:573,12,2,7106
BRDA:627,13,0,1
BRDA:627,13,1,1
BRDA:665,14,0,2
BRDA:665,14,1,29
BRDA:683,15,0,6
BRDA:683,15,1,6
BRDA:683,16,0,12
BRDA:683,16,1,6
BRDA:684,17,0,6
BRDA:684,17,1,0
BRDA:712,18,0,0
BRDA:712,18,1,35
BRDA:712,19,0,35
BRDA:712,19,1,35
BRF:40
BRH:29
end_of_record
TN:
SF:src/utils/Logger.js
FN:13,(anonymous_0)
FN:40,(anonymous_1)
FN:51,(anonymous_2)
FN:59,(anonymous_3)
FN:67,(anonymous_4)
FN:74,(anonymous_5)
FN:102,(anonymous_6)
FN:114,(anonymous_7)
FN:131,(anonymous_8)
FN:161,(anonymous_9)
FN:168,(anonymous_10)
FN:175,(anonymous_11)
FN:182,(anonymous_12)
FN:189,(anonymous_13)
FN:196,(anonymous_14)
FN:203,(anonymous_15)
FN:212,(anonymous_16)
FN:226,(anonymous_17)
FN:249,(anonymous_18)
FN:272,(anonymous_19)
FN:279,(anonymous_20)
FN:286,(anonymous_21)
FN:293,(anonymous_22)
FN:300,(anonymous_23)
FN:313,(anonymous_24)
FN:327,(anonymous_25)
FN:350,(anonymous_26)
FN:373,(anonymous_27)
FN:377,(anonymous_28)
FN:381,(anonymous_29)
FN:385,(anonymous_30)
FN:389,(anonymous_31)
FN:402,(anonymous_32)
FN:413,(anonymous_33)
FN:421,(anonymous_34)
FN:434,(anonymous_35)
FN:442,(anonymous_36)
FN:457,(anonymous_37)
FNF:38
FNH:10
FNDA:261,(anonymous_0)
FNDA:0,(anonymous_1)
FNDA:0,(anonymous_2)
FNDA:0,(anonymous_3)
FNDA:1769,(anonymous_4)
FNDA:1769,(anonymous_5)
FNDA:1769,(anonymous_6)
FNDA:1769,(anonymous_7)
FNDA:1769,(anonymous_8)
FNDA:1769,(anonymous_9)
FNDA:21,(anonymous_10)
FNDA:111,(anonymous_11)
FNDA:1637,(anonymous_12)
FNDA:0,(anonymous_13)
FNDA:0,(anonymous_14)
FNDA:0,(anonymous_15)
FNDA:0,(anonymous_16)
FNDA:0,(anonymous_17)
FNDA:0,(anonymous_18)
FNDA:0,(anonymous_19)
FNDA:0,(anonymous_20)
FNDA:0,(anonymous_21)
FNDA:0,(anonymous_22)
FNDA:0,(anonymous_23)
FNDA:0,(anonymous_24)
FNDA:0,(anonymous_25)
FNDA:0,(anonymous_26)
FNDA:0,(anonymous_27)
FNDA:0,(anonymous_28)
FNDA:0,(anonymous_29)
FNDA:0,(anonymous_30)
FNDA:0,(anonymous_31)
FNDA:0,(anonymous_32)
FNDA:0,(anonymous_33)
FNDA:0,(anonymous_34)
FNDA:0,(anonymous_35)
FNDA:0,(anonymous_36)
FNDA:0,(anonymous_37)
DA:14,261
DA:15,261
DA:16,261
DA:17,261
DA:18,261
DA:25,261
DA:34,261
DA:41,0
DA:42,0
DA:44,0
DA:52,0
DA:53,0
DA:60,0
DA:61,0
DA:68,1769
DA:75,1769
DA:76,0
DA:79,1769
DA:80,1769
DA:90,1769
DA:93,1769
DA:96,1769
DA:103,1769
DA:106,1769
DA:107,0
DA:115,1769
DA:117,1769
DA:118,1769
DA:122,1769
DA:124,1769
DA:132,1769
DA:133,1769
DA:134,1769
DA:135,1769
DA:137,1769
DA:139,21
DA:140,21
DA:142,111
DA:143,111
DA:145,1637
DA:146,1637
DA:148,0
DA:149,0
DA:151,0
DA:152,0
DA:154,0
DA:162,1769
DA:169,21
DA:176,111
DA:183,1637
DA:190,0
DA:197,0
DA:204,0
DA:205,0
DA:206,0
DA:213,0
DA:214,0
DA:215,0
DA:227,0
DA:228,0
DA:230,0
DA:231,0
DA:232,0
DA:233,0
DA:234,0
DA:236,0
DA:237,0
DA:242,0
DA:250,0
DA:251,0
DA:253,0
DA:254,0
DA:255,0
DA:256,0
DA:257,0
DA:259,0
DA:260,0
DA:265,0
DA:273,0
DA:280,0
DA:287,0
DA:294,0
DA:301,0
DA:302,0
DA:314,0
DA:328,0
DA:329,0
DA:331,0
DA:332,0
DA:333,0
DA:334,0
DA:335,0
DA:337,0
DA:338,0
DA:343,0
DA:351,0
DA:352,0
DA:354,0
DA:355,0
DA:356,0
DA:357,0
DA:358,0
DA:360,0
DA:361,0
DA:366,0
DA:374,0
DA:376,0
DA:377,0
DA:380,0
DA:381,0
DA:384,0
DA:385,0
DA:388,0
DA:389,0
DA:392,0
DA:393,0
DA:396,0
DA:403,0
DA:414,0
DA:415,0
DA:422,0
DA:427,0
DA:428,0
DA:435,0
DA:436,0
DA:443,0
DA:444,0
DA:445,0
DA:446,0
DA:447,0
DA:450,0
DA:458,0
DA:459,0
DA:460,0
DA:461,0
LF:135
LH:36
BRDA:13,0,0,0
BRDA:15,1,0,261
BRDA:15,1,1,0
BRDA:41,2,0,0
BRDA:41,2,1,0
BRDA:74,3,0,0
BRDA:74,4,0,0
BRDA:75,5,0,0
BRDA:75,5,1,1769
BRDA:106,6,0,0
BRDA:106,6,1,1769
BRDA:117,7,0,1769
BRDA:117,7,1,385
BRDA:134,8,0,0
BRDA:134,8,1,1769
BRDA:137,9,0,21
BRDA:137,9,1,111
BRDA:137,9,2,1637
BRDA:137,9,3,0
BRDA:137,9,4,0
BRDA:137,9,5,0
BRDA:139,10,0,21
BRDA:139,10,1,1
BRDA:142,11,0,111
BRDA:142,11,1,111
BRDA:145,12,0,1637
BRDA:145,12,1,1636
BRDA:148,13,0,0
BRDA:148,13,1,0
BRDA:151,14,0,0
BRDA:151,14,1,0
BRDA:154,15,0,0
BRDA:154,15,1,0
BRDA:168,16,0,1
BRDA:168,17,0,21
BRDA:175,18,0,111
BRDA:175,19,0,111
BRDA:182,20,0,1636
BRDA:182,21,0,1637
BRDA:189,22,0,0
BRDA:189,23,0,0
BRDA:196,24,0,0
BRDA:196,25,0,0
BRDA:203,26,0,0
BRDA:204,27,0,0
BRDA:204,27,1,0
BRDA:213,28,0,0
BRDA:213,28,1,0
BRDA:226,29,0,0
BRDA:249,30,0,0
BRDA:272,31,0,0
BRDA:272,32,0,0
BRDA:279,33,0,0
BRDA:279,34,0,0
BRDA:286,35,0,0
BRDA:286,36,0,0
BRDA:293,37,0,0
BRDA:293,38,0,0
BRDA:300,39,0,0
BRDA:300,40,0,0
BRDA:301,41,0,0
BRDA:301,41,1,0
BRDA:313,42,0,0
BRDA:327,43,0,0
BRDA:350,44,0,0
BRDA:373,45,0,0
BRDA:376,46,0,0
BRDA:376,46,1,0
BRDA:380,47,0,0
BRDA:380,47,1,0
BRDA:384,48,0,0
BRDA:384,48,1,0
BRDA:388,49,0,0
BRDA:388,49,1,0
BRDA:392,50,0,0
BRDA:392,50,1,0
BRDA:434,51,0,0
BRDA:445,52,0,0
BRDA:445,52,1,0
BRF:79
BRH:21
end_of_record
TN:
SF:src/utils/MobileTesting.js
FN:14,(anonymous_0)
FN:54,(anonymous_1)
FN:74,(anonymous_2)
FN:89,(anonymous_3)
FN:121,(anonymous_4)
FN:146,(anonymous_5)
FN:156,(anonymous_6)
FN:164,(anonymous_7)
FN:172,(anonymous_8)
FN:180,(anonymous_9)
FN:187,(anonymous_10)
FN:194,(anonymous_11)
FN:201,(anonymous_12)
FN:205,(anonymous_13)
FN:215,(anonymous_14)
FN:230,(anonymous_15)
FN:269,(anonymous_16)
FN:286,(anonymous_17)
FN:298,(anonymous_18)
FN:299,(anonymous_19)
FN:303,(anonymous_20)
FN:317,(anonymous_21)
FN:333,(anonymous_22)
FN:334,(anonymous_23)
FN:339,(anonymous_24)
FN:361,(anonymous_25)
FN:375,(anonymous_26)
FN:376,(anonymous_27)
FN:380,(anonymous_28)
FN:384,(anonymous_29)
FN:402,(anonymous_30)
FN:420,(anonymous_31)
FN:421,(anonymous_32)
FN:425,(anonymous_33)
FN:429,(anonymous_34)
FN:454,(anonymous_35)
FN:472,(anonymous_36)
FN:473,(anonymous_37)
FN:477,(anonymous_38)
FN:483,(anonymous_39)
FN:505,(anonymous_40)
FN:523,(anonymous_41)
FN:524,(anonymous_42)
FN:528,(anonymous_43)
FN:534,(anonymous_44)
FN:556,(anonymous_45)
FN:574,(anonymous_46)
FN:591,(anonymous_47)
FN:603,(anonymous_48)
FN:631,(anonymous_49)
FN:640,(anonymous_50)
FN:665,(anonymous_51)
FN:694,(anonymous_52)
FN:723,(anonymous_53)
FN:753,(anonymous_54)
FN:766,(anonymous_55)
FN:776,(anonymous_56)
FN:793,(anonymous_57)
FN:810,(anonymous_58)
FN:825,(anonymous_59)
FN:840,(anonymous_60)
FN:885,(anonymous_61)
FN:894,(anonymous_62)
FN:901,(anonymous_63)
FN:908,(anonymous_64)
FN:923,(anonymous_65)
FN:930,(anonymous_66)
FNF:67
FNH:4
FNDA:137,(anonymous_0)
FNDA:0,(anonymous_1)
FNDA:33,(anonymous_2)
FNDA:0,(anonymous_3)
FNDA:0,(anonymous_4)
FNDA:0,(anonymous_5)
FNDA:0,(anonymous_6)
FNDA:0,(anonymous_7)
FNDA:0,(anonymous_8)
FNDA:0,(anonymous_9)
FNDA:0,(anonymous_10)
FNDA:33,(anonymous_11)
FNDA:0,(anonymous_12)
FNDA:0,(anonymous_13)
FNDA:33,(anonymous_14)
FNDA:0,(anonymous_15)
FNDA:0,(anonymous_16)
FNDA:0,(anonymous_17)
FNDA:0,(anonymous_18)
FNDA:0,(anonymous_19)
FNDA:0,(anonymous_20)
FNDA:0,(anonymous_21)
FNDA:0,(anonymous_22)
FNDA:0,(anonymous_23)
FNDA:0,(anonymous_24)
FNDA:0,(anonymous_25)
FNDA:0,(anonymous_26)
FNDA:0,(anonymous_27)
FNDA:0,(anonymous_28)
FNDA:0,(anonymous_29)
FNDA:0,(anonymous_30)
FNDA:0,(anonymous_31)
FNDA:0,(anonymous_32)
FNDA:0,(anonymous_33)
FNDA:0,(anonymous_34)
FNDA:0,(anonymous_35)
FNDA:0,(anonymous_36)
FNDA:0,(anonymous_37)
FNDA:0,(anonymous_38)
FNDA:0,(anonymous_39)
FNDA:0,(anonymous_40)
FNDA:0,(anonymous_41)
FNDA:0,(anonymous_42)
FNDA:0,(anonymous_43)
FNDA:0,(anonymous_44)
FNDA:0,(anonymous_45)
FNDA:0,(anonymous_46)
FNDA:0,(anonymous_47)
FNDA:0,(anonymous_48)
FNDA:0,(anonymous_49)
FNDA:0,(anonymous_50)
FNDA:0,(anonymous_51)
FNDA:0,(anonymous_52)
FNDA:0,(anonymous_53)
FNDA:0,(anonymous_54)
FNDA:0,(anonymous_55)
FNDA:0,(anonymous_56)
FNDA:0,(anonymous_57)
FNDA:0,(anonymous_58)
FNDA:0,(anonymous_59)
FNDA:0,(anonymous_60)
FNDA:0,(anonymous_61)
FNDA:0,(anonymous_62)
FNDA:0,(anonymous_63)
FNDA:0,(anonymous_64)
FNDA:0,(anonymous_65)
FNDA:0,(anonymous_66)
DA:16,137
DA:17,137
DA:18,137
DA:19,137
DA:22,137
DA:35,137
DA:36,137
DA:46,137
DA:48,137
DA:55,0
DA:58,0
DA:61,0
DA:64,0
DA:65,0
DA:68,0
DA:75,33
DA:78,33
DA:81,33
DA:83,33
DA:90,0
DA:91,0
DA:92,0
DA:93,0
DA:95,0
DA:115,0
DA:123,0
DA:124,0
DA:128,0
DA:129,0
DA:133,0
DA:134,0
DA:138,0
DA:139,0
DA:147,0
DA:156,0
DA:157,0
DA:165,0
DA:172,0
DA:173,0
DA:181,0
DA:188,0
DA:195,33
DA:202,0
DA:204,0
DA:205,0
DA:206,0
DA:209,0
DA:216,33
DA:218,0
DA:219,0
DA:220,0
DA:221,0
DA:224,0
DA:231,0
DA:233,0
DA:235,0
DA:236,0
DA:240,0
DA:241,0
DA:245,0
DA:246,0
DA:250,0
DA:251,0
DA:255,0
DA:258,0
DA:260,0
DA:262,0
DA:270,0
DA:272,0
DA:273,0
DA:274,0
DA:275,0
DA:277,0
DA:278,0
DA:287,0
DA:288,0
DA:289,0
DA:292,0
DA:299,0
DA:300,0
DA:301,0
DA:303,0
DA:304,0
DA:305,0
DA:306,0
DA:307,0
DA:314,0
DA:317,0
DA:318,0
DA:319,0
DA:320,0
DA:334,0
DA:335,0
DA:336,0
DA:337,0
DA:339,0
DA:340,0
DA:341,0
DA:343,0
DA:344,0
DA:345,0
DA:346,0
DA:347,0
DA:349,0
DA:350,0
DA:358,0
DA:361,0
DA:362,0
DA:363,0
DA:376,0
DA:377,0
DA:378,0
DA:380,0
DA:381,0
DA:384,0
DA:385,0
DA:386,0
DA:388,0
DA:389,0
DA:390,0
DA:398,0
DA:399,0
DA:402,0
DA:403,0
DA:404,0
DA:406,0
DA:407,0
DA:421,0
DA:422,0
DA:423,0
DA:425,0
DA:426,0
DA:429,0
DA:430,0
DA:432,0
DA:433,0
DA:434,0
DA:435,0
DA:437,0
DA:439,0
DA:440,0
DA:441,0
DA:450,0
DA:451,0
DA:454,0
DA:455,0
DA:456,0
DA:458,0
DA:459,0
DA:473,0
DA:474,0
DA:475,0
DA:477,0
DA:478,0
DA:479,0
DA:483,0
DA:484,0
DA:485,0
DA:486,0
DA:487,0
DA:488,0
DA:490,0
DA:491,0
DA:492,0
DA:501,0
DA:502,0
DA:505,0
DA:506,0
DA:507,0
DA:509,0
DA:510,0
DA:524,0
DA:525,0
DA:526,0
DA:528,0
DA:529,0
DA:530,0
DA:534,0
DA:535,0
DA:536,0
DA:537,0
DA:538,0
DA:539,0
DA:541,0
DA:542,0
DA:543,0
DA:552,0
DA:553,0
DA:556,0
DA:557,0
DA:558,0
DA:560,0
DA:561,0
DA:575,0
DA:577,0
DA:578,0
DA:579,0
DA:580,0
DA:582,0
DA:583,0
DA:592,0
DA:593,0
DA:594,0
DA:597,0
DA:604,0
DA:605,0
DA:612,0
DA:613,0
DA:615,0
DA:632,0
DA:633,0
DA:640,0
DA:641,0
DA:642,0
DA:654,0
DA:666,0
DA:668,0
DA:669,0
DA:676,0
DA:678,0
DA:695,0
DA:697,0
DA:698,0
DA:705,0
DA:707,0
DA:724,0
DA:725,0
DA:732,0
DA:733,0
DA:735,0
DA:747,0
DA:754,0
DA:761,0
DA:763,0
DA:766,0
DA:770,0
DA:777,0
DA:778,0
DA:780,0
DA:794,0
DA:798,0
DA:811,0
DA:813,0
DA:826,0
DA:828,0
DA:841,0
DA:842,0
DA:845,0
DA:846,0
DA:847,0
DA:851,0
DA:852,0
DA:853,0
DA:857,0
DA:858,0
DA:859,0
DA:863,0
DA:864,0
DA:865,0
DA:869,0
DA:870,0
DA:871,0
DA:874,0
DA:886,0
DA:887,0
DA:888,0
DA:895,0
DA:902,0
DA:909,0
DA:924,0
DA:931,0
LF:271
LH:15
BRDA:14,0,0,0
BRDA:64,1,0,0
BRDA:64,1,1,0
BRDA:92,2,0,0
BRDA:92,2,1,0
BRDA:93,3,0,0
BRDA:93,3,1,0
BRDA:104,4,0,0
BRDA:104,4,1,0
BRDA:105,5,0,0
BRDA:105,5,1,0
BRDA:106,6,0,0
BRDA:106,6,1,0
BRDA:110,7,0,0
BRDA:110,7,1,0
BRDA:123,8,0,0
BRDA:123,8,1,0
BRDA:128,9,0,0
BRDA:128,9,1,0
BRDA:133,10,0,0
BRDA:133,10,1,0
BRDA:138,11,0,0
BRDA:138,11,1,0
BRDA:202,12,0,0
BRDA:202,12,1,0
BRDA:216,13,0,33
BRDA:216,13,1,0
BRDA:219,14,0,0
BRDA:219,14,1,0
BRDA:235,15,0,0
BRDA:235,15,1,0
BRDA:240,16,0,0
BRDA:240,16,1,0
BRDA:245,17,0,0
BRDA:245,17,1,0
BRDA:250,18,0,0
BRDA:250,18,1,0
BRDA:288,19,0,0
BRDA:288,19,1,0
BRDA:318,20,0,0
BRDA:318,20,1,0
BRDA:343,21,0,0
BRDA:343,21,1,0
BRDA:345,22,0,0
BRDA:345,22,1,0
BRDA:388,23,0,0
BRDA:388,23,1,0
BRDA:406,24,0,0
BRDA:406,24,1,0
BRDA:430,25,0,0
BRDA:430,25,1,0
BRDA:439,26,0,0
BRDA:439,26,1,0
BRDA:458,27,0,0
BRDA:458,27,1,0
BRDA:478,28,0,0
BRDA:478,28,1,0
BRDA:484,29,0,0
BRDA:484,29,1,0
BRDA:484,30,0,0
BRDA:484,30,1,0
BRDA:490,31,0,0
BRDA:490,31,1,0
BRDA:509,32,0,0
BRDA:509,32,1,0
BRDA:529,33,0,0
BRDA:529,33,1,0
BRDA:535,34,0,0
BRDA:535,34,1,0
BRDA:535,35,0,0
BRDA:535,35,1,0
BRDA:541,36,0,0
BRDA:541,36,1,0
BRDA:560,37,0,0
BRDA:560,37,1,0
BRDA:593,38,0,0
BRDA:593,38,1,0
BRDA:604,39,0,0
BRDA:604,39,1,0
BRDA:604,40,0,0
BRDA:604,40,1,0
BRDA:632,41,0,0
BRDA:632,41,1,0
BRDA:632,42,0,0
BRDA:632,42,1,0
BRDA:668,43,0,0
BRDA:668,43,1,0
BRDA:697,44,0,0
BRDA:697,44,1,0
BRDA:724,45,0,0
BRDA:724,45,1,0
BRDA:766,46,0,0
BRDA:766,46,1,0
BRDA:782,47,0,0
BRDA:782,47,1,0
BRDA:826,48,0,0
BRDA:826,48,1,0
BRDA:845,49,0,0
BRDA:845,49,1,0
BRDA:852,50,0,0
BRDA:852,50,1,0
BRDA:858,51,0,0
BRDA:858,51,1,0
BRDA:863,52,0,0
BRDA:863,52,1,0
BRDA:869,53,0,0
BRDA:869,53,1,0
BRDA:875,54,0,0
BRDA:875,54,1,0
BRF:109
BRH:1
end_of_record
